 Program starting at 11:36:10.310 on 2021/06/24
 Starting--nodes =            1
 open file(in get_nps): control/filename
 open file(in get_nps): control/IN.PARAM
 QM / MD --nodes =            1           1
     myid myid_md myid_qm myid_qm_un myid_kd myid_un myid_pw myid_lr
       0       0       0       0          0       0       0       0
 open file: control/filename
 open file: control/IN.PARAM
 open file: control/CONFIG
 open file: control/CONFIG
           6  KB (           6  KB ), allocated (remd_param_atom_alloc)
 open file: control/CONFIG
 open file: control/CONFIG
          93  B  (           6  KB ), allocated (remd_param_atom2_alloc)
          64  B  (           6  KB ), allocated (remd_thermostat_alloc)
          64  B  (           6  KB ), allocated (remd_atom_thermostat_alloc)
  
  ----      Ab initio MD calculation with PW method      ----
  
     lstart :     F          iogpsz :     1
       ntmd :     2           ntype :     2       ntmd_clus :     0
   ntmd_ist :     2
    ntot(0) :     3           natom :     3        nmd_clus :     0
     lmdout :     T          ioskip :     1      lrestrict_a:     F
     locoor :     T          lovelo :     T          loforc :     T
 ioskipcoor :     1      ioskipvelo :     1      ioskipforc :     1
       ifmd :     1            dtmd :      0.10       nstop :   100
    lmdstop :     F
  nstep_ini :     0
    ioptmze :     2            lpvv :     F
   dist_max :   0.50000
 ibfgsclear :     0         qnstabi : 0.0000E+00   gammamin : 1.0000E-01
 ioptmze_cel:    -1
    liscale :     F          iscnum :    25          iscstp :    20
   lmomzero :     F
       treq :    300.00
      lstat :     F         latomic :     F      nskip_atomi:     1
 tol_energy : 1.0000E-07  tol_force : 5.0000E-04
    lstress :     F       nskip_stre:     5      nskp_strs_o:     0
    ltotmom :     F       nskip_totm:     5
      lsave :     T         lsreal8 :     T
  rc_buffer :     0.0000
  nmd_alloc :   105      nmd_buffer :     1
  
    h(MD) (L_1) :  1.32280819E+01  0.00000000E+00  0.00000000E+00
          (L_2) :  8.09986409E-16  1.32280819E+01  0.00000000E+00
          (L_3) :  8.09986409E-16  8.09986409E-16  1.32280819E+01
    hcell (L_1) :  1.32280819E+01  0.00000000E+00  0.00000000E+00
     (QM) (L_2) :  8.09986409E-16  1.32280819E+01  0.00000000E+00
          (L_3) :  8.09986409E-16  8.09986409E-16  1.32280819E+01
  
 * MD atoms
      zatom    watom            ntot icscale vrandom lfixion is2ist
 1:O    8.0  1.59994E+01           1    1       T       F       1
 2:H    1.0  1.00794E+00           2    1       T       F       2
      ficmass ldispion dvector
 1:O     1.00   F
 2:H     1.00   F
  (reduced species)
 1:O    8.0
 2:H    1.0
  
 * QM atoms
      zatom    watom            ntot icscale lterminator
 1:O    8.0  1.59994E+01           1    1       F
 2:H    1.0  1.00794E+00           2    1       F
  
  read data (remd)   : cpu-time :  0.000000000000000E+000
           8  KB (          14  KB ), allocated (remd_atom_alloc)
         204  B  (          14  KB ), allocated (remd_qmmd_alloc)
 open file: data/md_eng.d
 open file: data/md_box.d
 open file: data/md_cel.d
 open file: data/md_spc.d
 open file: data/md_ion.d
 open file: data/md_frc.d
 open file: control/filename
 open file: control/IN.PARAM
 open file: control/CONFIG
 open file: control/CONFIG
           1  KB (          15  KB ), allocated (param_atom_alloc)
         152  KB (         167  KB ), allocated (psvariables_alloc)
 open file: control/CONFIG
 open file: control/CONFIG
 open file: control/NCPP/O.PBE/O_A.rvs
 open file: control/NCPP/H.PBE/H_A.rvs
          20  B  (         167  KB ), allocated (mxl_alloc)
         118  KB (         285  KB ), allocated (psvariables_mxl_alloc)
 *** Since ecutorth > ecut or zero, reset ecutorth =   30.0000000000000     
 *** Since ecutc is zero, reset ecutc =   30.0000000000000     
 *** FFT meshes have been changed:    47   47   47 --->   48   48   48
  
  ---- Ab initio calculation for bulk by PW method ----
  
          <<< The standard pseudopotential method >>> 
  
     lclust :     F            jgga :     2          lstart :     F
  electrons :     8           ntype :     2
     iscfmx :   100          itrial :     0
     tolpot : 5.0000E-09     tolres : 5.0000E-09   tolHF_KS : 5.0000E-09
     lhcunt :     T          ihldam :     1          toleig : 1.0000E-10
  roughfeig :   0.30000   roughfzan :   0.30000
     itermx :     4         iteremx :     4         kstrial :     0
   methodcg :     2         threinn : 0.0000E+00    wdinner : 9.0000E-01
     imxchg :     1            aslh :   0.80000        bslh :   0.64000
 imxchg_tria:     0      aslh_trial :   0.10000  bslh_trial :   0.64000
     itratn :    10         cmetric :  20.00000
    louteig :     F      loutenergy :     F       loutzansa :     F
    loutlog :     F
     nstabi :    10          xstabi : 1.0000E+01
       nd2v :     6           multg :     1           tolcg : 1.0000E-11
     weigrd :   0.40000      iblock :    125000
       ifmd :     1            dtmd :      0.05
  nstep_ini :     0
    liscale :     F          iscnum :    25          iscstp :    20
   lmomzero :     F
       treq :    300.00      ichest :     3           ihest :     3
      laspc :     F       laspc_chg :     T        laspc_wv :     T
    lxlbomd :     F         kxlbomd :     0
 iscfmx_aspc:     1       aspc_corr :   1.00000  tolres_aspc: 1.0000E-06
  nskp_aspc :     0       aslh_aspc :   0.80000   bslh_aspc :   0.64000
      lsave :     T         lsreal8 :     T
    lmulken :     F        nskpmulk :     5       ldecmpovp :     F
   lspdatom :     F        lpmchgat :     F      lmdecmpdos :     F
    lsphexp :     F      nskpsphexp :     5       radsphexp :   0.00000
       leda :     F         nskpeda :     5         radgeda :  10.00000
   lwannier :     F          iwbnd1 :     0          iwbnd2 :     0
    iterwan :   200          tolwan : 1.0000E-06
   nskpwann :     5          iwstt1 :     1          iwstt2 :     0
    loutuni :     F          natwan :     0
   freqacmx :   1.00000
    icband1 :     0         icband2 :     0
   ichband1 :     0        ichband2 :     0
   iceband1 :     0        iceband2 :     0
  immtband1 :     0       immtband2 :     0
    lstress :     F       nskip_stre:     5          lshdep :     F
    lintchg :     F       nskip_intc:     5
     ldpchg :     F       nskip_dpch:     5
     ldpwav :     F       nskip_dpwa:     5
     ibstt1 :     1          ibstt2 :    10
     ldppot :     F       nskip_dppo:     5       nav_dppot :     1
     lhoteh :     F      nskip_hoteh:     5
       ecut :     30.00    ecutdens :    120.00    ecutsoft :    120.00
   ecutorth :     30.00       ecutc :     30.00
    lvshape :     F         pwscale :   1.00000
      nkpnt :     1          lgamma :     T          ltetra :     F
   lksgamma :     F
      nband :    10          noband :     8       cf. nel/2 :     4
     lfermi :     3          tfermi :    500.00       ncion :     0
     lplcom :     F
      lkbpp :     T           lvand :     F           lvfull:     F
      llocl :     F           lpcc  :     T
    lnlpp_r :     T        llclpp_r :     F          lpcc_r :     T
    lnlpp_g :     F        llclpp_g :     T          lpcc_g :     F
    lkbpp_r :     T         lkbpp_g :     F
    lvand_r :     F         lvand_g :     F
      lspin :     F
  
    hcell (L_1) :  1.32280819E+01  0.00000000E+00  0.00000000E+00
          (L_2) :  8.09986409E-16  1.32280819E+01  0.00000000E+00
          (L_3) :  8.09986409E-16  8.09986409E-16  1.32280819E+01
           nd1v :   48   48   48
         nd1vks :   48   48   48
  
      zatom   zv   watom  covrad  nhk lmax local lkbppi lvandi lvflag llocli
 1:O    8.0  6.0  15.9994  1.247    1   1    0      T      F      F      F
 2:H    1.0  1.0   1.0079  0.699    2   0    0      T      F      F      F

      lking  rking  gkgmax  gkgexct
      llking rlking glkgmax glkgexct     rctflc
      lpking rpking gpkgmax gpkgexct lpcci rpcc  rint icscale vrandom
 1:O    T    1.500   1.250   0.500
        F    1.500   1.150   0.800         9.50
        T    1.100   1.150   0.800     T   1.40  0.00    1       T
 2:H    T    1.500   1.250   0.800
        F    1.500   1.150   0.800         9.50
        T    1.100   1.150   0.800     F   1.40  0.00    1       T
  
  it=           1
  nhk1, nhk2=           1           1
  coordinates
    1  0.50000000  0.44400000  0.50000000
  velocities
    1  0.00000000  0.00000000  0.00000000
  it=           2
  nhk1, nhk2=           2           3
  coordinates
    2  0.57900000  0.50600000  0.50000000
    3  0.42100000  0.50600000  0.50000000
  velocities
    2  0.00000000  0.00000000  0.00000000
    3  0.00000000  0.00000000  0.00000000
  read input data    : cpu-time :  8.178000105544925E-003
         983  KB (           1  MB ), allocated (pwlda_pp_alloc)
         524  KB (           2  MB ), allocated (pcc_variables_alloc)
           4  MB, allocated (strvec)
           2  MB (           4  MB ), allocated (set_rciprl)
           4  MB, deallocated (strvec)
          48  B  (           4  MB ), allocated (nplw3_alloc)

 supercell for the plane wave method
     a  = (  1.32281E+01,  0.00000E+00,  0.00000E+00)
     b  = (  8.09986E-16,  1.32281E+01,  0.00000E+00)
     c  = (  8.09986E-16,  8.09986E-16,  1.32281E+01)

 unit reciprocal cell
     a* = (  4.74988E-01, -2.90847E-17, -2.90847E-17)
     b* = (  0.00000E+00,  4.74988E-01, -2.90847E-17)
     c* = (  0.00000E+00,  0.00000E+00,  4.74988E-01)

 energy cut off
      ecut(w.f.)=  3.00000000E+01    ecut(c.d.) =  1.20000000E+02
      ecut(soft)=  1.20000000E+02    ecut(orth) =  3.00000000E+01
      kmax1 =  11, kmax2 =  11, kmax3 =  11,   nplw =   3201
      kmax1s=  23, kmax2s=  23, kmax3s=  23,   nplw2=  25717
      kmax1d=  23, kmax2d=  23, kmax3d=  23,   nplw5=  25717
                                               nplwc=   3201
                                               nplw7=   3201
 fft descreated mesh
      kfft1 =  48, kfft2 =  48, kfft3 =  48,   kfft0 =   110592
      kfft1d=  48, kfft2d=  48, kfft3d=  48,   kfft0d=   110592

  set reciprocal vectors : cpu-time :  1.000800076872110E-002
           8  B  (           4  MB ), allocated (
 planewave_decomp_variables_alloc)
         856  B  (           4  MB ), allocated (nlpp_variables_alloc(2))
           1  MB (           5  MB ), allocated (nlppr_variables_alloc)
         767  KB, allocated (rdtmpp)
 open file: control/NCPP/O.PBE/O_S1.rvs
 open file: control/NCPP/O.PBE/O_P3.rvs
 open file: control/NCPP/O.PBE/O_val
 open file: control/NCPP/H.PBE/H_S1.rvs
 open file: control/NCPP/H.PBE/H_val
         767  KB, deallocated (rdtmpp)
         823  KB (           5  MB ), allocated (lopp_variables_alloc)
       16016  B, allocated (lotmpp_g)
       16016  B, deallocated (lotmpp_g)
         714  KB, allocated (nlkbpp)
 open file: control/NCPP/O.PBE/O_P3.nwp
         714  KB, deallocated (nlkbpp)
          64  B  (           5  MB ), allocated (pwlda_proc_alloc)
         160  B  (           5  MB ), allocated (pwlda_iod_alloc)
         924  B  (           5  MB ), allocated (pwlda_atom_alloc)
          96  B  (           5  MB ), allocated (nlkbppr_variables_alloc)
         576  B  (           5  MB ), allocated (force_nlc_alloc)
         968  B  (           5  MB ), allocated (nlkbpp_variables_alloc)
          12  B  (           5  MB ), allocated (iatmpt_nod_alloc)
          10  MB (          15  MB ), allocated (pwlda_alloc)
          16  MB (          31  MB ), allocated (pwlda_alloc(2))
         360  B  (          31  MB ), allocated (fermi_alloc)
           3  KB (          31  MB ), allocated (mxchgg_alloc)
           1  MB (          32  MB ), allocated (mxchgg_alloc(2))
         968  B  (          32  MB ), allocated (slmir_alloc)
         960  B  (          32  MB ), allocated (slmir_atm_alloc)
 open file: data/qm_eig.d
 open file: data/qm_ion.d
 open file: data/qm_eng.d
 open file: data/qm_zan.d
 open file: data/qm_box.d
 open file: data/qm_cel.d
 open file: data/qm_frc.d
 open file: data/qm_fer.d
  set parameters     : cpu-time :  0.170357992872596     
          16  B  (          32  MB ), allocated (pwlda_grid_alloc)
           4  KB (          32  MB ), allocated (pwlda_mgrid_alloc)
          25  MB (          57  MB ), allocated (pwlda_mgrid_alloc(2))
           2  MB (          60  MB ), allocated (cfftmsh_alloc)
  No. of global FD meshes :      110592
  set mesh points (FD->FFT) : cpu-time :  8.969902992248535E-004
  set mesh points    : cpu-time :  7.084012031555176E-003
  initial wave functions
  initial wave functions by random numbers
                    set wavefunctions : cpu-time :  3.023013472557068E-003
  initial electron density
  Initial density is calculated from atomic charge density.
         131  KB, allocated (denini)
         131  KB, deallocated (denini)
  No. of electrons (2) =   7.92418112010481       0.000000000000000E+000
                     : cpu-time :  1.270799338817596E-002
  unify chg. density : cpu-time :  9.669959545135498E-004
     c.d.tr.(r to g) : cpu-time :  5.318999290466309E-003
     c.d.tr.(g to r) : cpu-time :  2.719998359680176E-003
  No. of electrons :   8.00000000000000     
  No. of electrons (2) =   7.99999999999998      -1.358310496659506E-002
      set c.d. total : cpu-time :  2.262099087238312E-002
        -236  KB (          59  MB ), deallocated (psvariables_dealloc)
    Ewald:   rccc   6.28333891202492     
    Ewald:   lhfull F
    Ewald:   ALP     4.37215006778111     
    Ewald:   gamma  0.695832284235661     
    Ewald:   DKMAX2  0.763690522138130     
    Ewald:   KMAXM          11
           0  MB, allocated (clmrcp)
    Ewald:   num =        6083
    Ewald:   numk2 =        3225
         374  KB (          60  MB ), allocated (clmrcp)
    Ewald:   KCSMAX1,2,3          11          11          11
           0  MB, deallocated (clmrcp)
           3  KB (          60  MB ), allocated (clmrcp(2))
  initialize Ewald   : cpu-time :  2.430006861686707E-003
           7  KB (          60  MB ), allocated (struc_atoms_alloc(2))
  initialize g-space and/or USPP calc. : cpu-time :  5.699694156646729E-005
                all to all (bd-to-gd) : cpu-time :  9.900331497192383E-005
  Gram-Schmidt       
                         set S-matrix : cpu-time :  3.850013017654419E-004
                     Cholesky decomp. :          :  9.998679161071777E-006
                             updating :          :  2.979934215545654E-004
                                total : cpu-time :  6.929934024810791E-004
  setup data ... done : cpu-time :  0.225560004124418     
  
                    setup coordinates : cpu-time :  1.101195812225342E-005
           classical forces  ... done : cpu-time :  4.999339580535889E-005
  MD nodes wait for QM forces.
  
  
============================== step:           0 ==============================
  
 *** lmixhold = .false. / aslh = 0.8000
         372  B  (          60  MB ), allocated (vpp_ncl_alloc)
  *** nlcmx1&2 :       27783        9261        9261
         272  KB (          60  MB ), allocated (nlcmx_alloc)
           2  MB (          62  MB ), allocated (nlcvector_alloc)
  
     E(HF) (Ryd.)   E(KS) (Ryd.)  diff /el.  diff2/el.  zansa2        sec
 0:  1.1553929E+02  8.9272037E+01 1.2500E+09 3.2834E+00 6.1791E+01    0.078
 1:  1.0846602E+01 -9.6011614E+00 1.3087E+01 2.5560E+00 1.8394E+01    0.149
 2: -3.5331040E+01 -2.3269266E+01 5.7722E+00 1.5077E+00 5.1166E+00    0.125
 3: -3.8503143E+01 -2.9856862E+01 3.9651E-01 1.0808E+00 7.1874E-01    0.102
 4: -3.8640673E+01 -3.2821381E+01 1.7191E-02 7.2741E-01 1.7419E-01    0.102
 5: -3.9001247E+01 -3.3960777E+01 4.5072E-02 6.3006E-01 1.9118E-02    0.113
 6: -3.8676616E+01 -3.5114464E+01 4.0579E-02 4.4527E-01 9.0068E-03    0.115
 7: -3.8670471E+01 -3.6115941E+01 7.6807E-04 3.1932E-01 1.8031E-03    0.120
 8: -3.8667538E+01 -3.6381944E+01 3.6670E-04 2.8570E-01 3.1519E-04    0.105
 9: -3.8598343E+01 -3.6789562E+01 8.6493E-03 2.2610E-01 1.0793E-03    0.111
 *** information(Pulay) : reset kntchg =           9
10: -3.8551199E+01 -3.7747299E+01 5.8930E-03 1.0049E-01 2.9150E-03    0.112
 *** information(Pulay) : reset kntchg =           9
11: -3.8567391E+01 -3.8428594E+01 2.0240E-03 1.7350E-02 5.4657E-04    0.106
 *** information(Pulay) : reset kntchg =           9
12: -3.8570099E+01 -3.8595253E+01 3.3854E-04 3.1442E-03 9.6070E-05    0.098
 *** information(Pulay) : reset kntchg =           9
13: -3.8570772E+01 -3.8605460E+01 8.4110E-05 4.3360E-03 3.6015E-05    0.110
 *** information(Pulay) : reset kntchg =           9
14: -3.8571022E+01 -3.8571430E+01 3.1324E-05 5.0963E-05 7.3032E-06    0.096
 *** information(Pulay) : reset kntchg =           9
15: -3.8571101E+01 -3.8570707E+01 9.8445E-06 4.9306E-05 9.9325E-07    0.118
 *** information(Pulay) : reset kntchg =           9
16: -3.8571125E+01 -3.8571280E+01 2.9908E-06 1.9292E-05 2.4292E-07    0.103
 *** information(Pulay) : reset kntchg =           9
 *** information(Pulay) : reset kntchg =           8
17: -3.8571131E+01 -3.8571583E+01 7.6678E-07 5.6421E-05 7.6873E-08    0.122
 *** information(Pulay) : reset kntchg =           8
18: -3.8571135E+01 -3.8571039E+01 5.2346E-07 1.2050E-05 2.6810E-08    0.117
19: -3.8571137E+01 -3.8571235E+01 1.8318E-07 1.2252E-05 6.7118E-09    0.102
 *** information(Pulay) : reset kntchg =           9
20: -3.8571138E+01 -3.8571102E+01 1.1887E-07 4.4773E-06 2.4687E-09    0.124
  
 Force calculation (sec) :    -0.0004
  * Total energy (HF) =      -33.228591 ( Ryd. )    -452.1016 (eV)
  
 cpu-time ( sec )  :    2.3420
                  QM forces  ... done : cpu-time :   2.34217688441277     
      0 -1.6614295635E+01
        7.7719456321E-01
  
                              MD step : cpu-time :   2.34291595220566     
  
                    setup coordinates : cpu-time :  8.296966552734375E-005
           classical forces  ... done : cpu-time :  2.002716064453125E-005
  MD nodes wait for QM forces.
  
  
============================== step:           1 ==============================
  
  Input charge estimation
  No. of electrons :   8.00000000000000     
  cpu-time ( sec )  :    0.0011
  Subspace alignment
  cpu-time ( sec )  :    0.0003
 *** lmixhold = .false. / aslh = 0.8000
  *** nlcmx1&2 :       27783        9261        9261
  
     E(HF) (Ryd.)   E(KS) (Ryd.)  diff /el.  diff2/el.  zansa2        sec
 0: -3.6998858E+01 -3.6998819E+01 1.2500E+09 4.8476E-06 5.1318E-01    0.053
 1: -3.7290287E+01 -3.7667265E+01 3.6429E-02 4.7122E-02 3.6138E-02    0.088
 2: -3.7317520E+01 -3.7353649E+01 3.4042E-03 4.5161E-03 2.2440E-03    0.086
 3: -3.7317229E+01 -3.7337137E+01 3.6374E-05 2.4884E-03 5.4089E-04    0.102
 4: -3.7318627E+01 -3.7332338E+01 1.7469E-04 1.7139E-03 1.1453E-04    0.107
 5: -3.7318798E+01 -3.7322077E+01 2.1374E-05 4.0987E-04 4.8179E-05    0.091
 6: -3.7319144E+01 -3.7322428E+01 4.3296E-05 4.1045E-04 1.5210E-05    0.107
 7: -3.7319236E+01 -3.7319726E+01 1.1481E-05 6.1300E-05 5.7158E-06    0.102
 8: -3.7319284E+01 -3.7319253E+01 5.9830E-06 3.8504E-06 1.1587E-06    0.103
 *** information(Pulay) : reset kntchg =           8
 9: -3.7319303E+01 -3.7319991E+01 2.4011E-06 8.5953E-05 2.0121E-07    0.120
10: -3.7319312E+01 -3.7319513E+01 1.0996E-06 2.5155E-05 5.7378E-08    0.105
 *** information(Pulay) : reset kntchg =           9
11: -3.7319314E+01 -3.7319357E+01 2.5901E-07 5.4371E-06 1.6460E-08    0.111
 *** information(Pulay) : reset kntchg =           9
12: -3.7319315E+01 -3.7319337E+01 8.5572E-08 2.7846E-06 3.4251E-09    0.109
  
 Force calculation (sec) :    -0.0001
  * Total energy (HF) =      -33.465618 ( Ryd. )    -455.3265 (eV)
  
 cpu-time ( sec )  :    1.2960
                  QM forces  ... done : cpu-time :   1.29605793952942     
      1 -1.6732809149E+01
        4.8151458134E-01
  
                              MD step : cpu-time :   1.29626107215881     
 The status of eigenvalue problem: OK   
 The lowest three eigenvalues of Hessian
           1  0.999629287903073     
           2  0.999999999999999     
           3   1.00000000000000     
  gamma =  0.500420854368453     
 The Newton-Raphson step for the lowest three eigenvalues
           1  1.641561102415380E-002
           2  3.921167819883294E-016
           3  1.346938622325864E-014
  
                    setup coordinates : cpu-time :  1.449584960937500E-004
           classical forces  ... done : cpu-time :  2.002716064453125E-005
  MD nodes wait for QM forces.
  
  
============================== step:           2 ==============================
  
  Input charge estimation
  No. of electrons :   7.99999999999998     
  cpu-time ( sec )  :    0.0018
  Subspace alignment
  ( Gram-Schmidt )      
  cpu-time ( sec )  :    0.0027
 *** lmixhold = .false. / aslh = 0.8000
  *** nlcmx1&2 :       27783        9261        9261
  
     E(HF) (Ryd.)   E(KS) (Ryd.)  diff /el.  diff2/el.  zansa2        sec
 0: -3.5634871E+01 -3.5550718E+01 1.2500E+09 1.0519E-02 1.4867E-01    0.058
 1: -3.5719891E+01 -3.5876474E+01 1.0628E-02 1.9573E-02 7.3629E-03    0.094
 2: -3.5725979E+01 -3.5753160E+01 7.6106E-04 3.3976E-03 6.2565E-04    0.089
 3: -3.5725987E+01 -3.5740343E+01 9.4134E-07 1.7945E-03 1.4440E-04    0.099
 4: -3.5726313E+01 -3.5724067E+01 4.0836E-05 2.8081E-04 2.5050E-05    0.109
 5: -3.5726439E+01 -3.5732103E+01 1.5740E-05 7.0801E-04 6.9514E-06    0.087
 6: -3.5726576E+01 -3.5734175E+01 1.7049E-05 9.4997E-04 4.7186E-06    0.106
 7: -3.5726598E+01 -3.5721909E+01 2.8039E-06 5.8611E-04 3.9916E-06    0.102
 8: -3.5726635E+01 -3.5725065E+01 4.5749E-06 1.9616E-04 7.9271E-07    0.099
 9: -3.5726648E+01 -3.5726763E+01 1.6034E-06 1.4482E-05 3.9090E-07    0.108
 *** information(Pulay) : reset kntchg =           9
10: -3.5726653E+01 -3.5727126E+01 6.6968E-07 5.9181E-05 1.5692E-07    0.122
 *** information(Pulay) : reset kntchg =           9
11: -3.5726655E+01 -3.5726972E+01 2.2704E-07 3.9712E-05 3.8005E-08    0.098
 *** information(Pulay) : reset kntchg =           9
12: -3.5726655E+01 -3.5726484E+01 5.9426E-08 2.1366E-05 6.9578E-09    0.121
13: -3.5726655E+01 -3.5726585E+01 2.2373E-08 8.8172E-06 3.0739E-09    0.114
  
 Force calculation (sec) :    -0.0001
  * Total energy (HF) =      -33.650885 ( Ryd. )    -457.8472 (eV)
  
 cpu-time ( sec )  :    1.4206
                  QM forces  ... done : cpu-time :   1.42065000534058     
      2 -1.6825442533E+01
        2.2568772133E-01
  
                              MD step : cpu-time :   1.42092609405518     
 The status of eigenvalue problem: OK   
 The lowest three eigenvalues of Hessian
           1  0.999999973810158     
           2   1.00000000000000     
           3   1.00000000000000     
  gamma =  0.499999993806519     
 The Newton-Raphson step for the lowest three eigenvalues
           1 -5.538327099245518E-005
           2  1.640211959423149E-014
           3 -3.456927225902580E-015
  
                    setup coordinates : cpu-time :  1.239776611328125E-004
           classical forces  ... done : cpu-time :  1.811981201171875E-005
  MD nodes wait for QM forces.
  
  
============================== step:           3 ==============================
  
  Input charge estimation
  No. of electrons :   8.00000000000002     
  cpu-time ( sec )  :    0.0011
  Subspace alignment
  ( Gram-Schmidt )      
  cpu-time ( sec )  :    0.0017
  *** nlcmx1&2 :       27783        9261        9261
  
     E(HF) (Ryd.)   E(KS) (Ryd.)  diff /el.  diff2/el.  zansa2        sec
 0: -3.4527250E+01 -3.4352673E+01 1.2500E+09 2.1822E-02 2.2310E-01    0.055
 1: -3.4666138E+01 -3.4569223E+01 1.7361E-02 1.2114E-02 1.2918E-02    0.089
 2: -3.4675155E+01 -3.4628952E+01 1.1271E-03 5.7754E-03 1.0304E-03    0.090
 3: -3.4675305E+01 -3.4665095E+01 1.8715E-05 1.2763E-03 2.3023E-04    0.103
 4: -3.4675690E+01 -3.4660547E+01 4.8065E-05 1.8929E-03 3.6574E-05    0.108
 5: -3.4675879E+01 -3.4679817E+01 2.3657E-05 4.9231E-04 6.5147E-06    0.094
 6: -3.4676011E+01 -3.4678286E+01 1.6552E-05 2.8438E-04 2.2811E-06    0.094
 7: -3.4676118E+01 -3.4675626E+01 1.3377E-05 6.1591E-05 7.3133E-07    0.108
 8: -3.4676171E+01 -3.4676542E+01 6.5213E-06 4.6422E-05 3.8774E-07    0.108
 *** information(Pulay) : reset kntchg =           8
 9: -3.4676190E+01 -3.4675935E+01 2.4694E-06 3.1862E-05 1.2719E-07    0.114
10: -3.4676195E+01 -3.4676405E+01 6.0179E-07 2.6192E-05 4.8086E-08    0.109
 *** information(Pulay) : reset kntchg =           9
11: -3.4676196E+01 -3.4676200E+01 1.7247E-07 4.2753E-07 1.4243E-08    0.109
 *** information(Pulay) : reset kntchg =           9
12: -3.4676197E+01 -3.4676173E+01 5.5688E-08 2.9925E-06 3.4796E-09    0.108
  
 Force calculation (sec) :    -0.0001
  * Total energy (HF) =      -33.719136 ( Ryd. )    -458.7758 (eV)
  
 cpu-time ( sec )  :    1.3034
                  QM forces  ... done : cpu-time :   1.30347585678101     
      3 -1.6859567810E+01
        1.0239027887E-01
  
                              MD step : cpu-time :   1.30371475219727     
 The status of eigenvalue problem: OK   
 The lowest three eigenvalues of Hessian
           1  0.967468739120194     
           2  0.999999999999999     
           3  0.999999999999999     
  gamma =  0.489008535875674     
 The Newton-Raphson step for the lowest three eigenvalues
           1  4.917815523733202E-002
           2 -1.326142713624304E-013
           3  2.486459252625559E-013
  
                    setup coordinates : cpu-time :  1.239776611328125E-004
           classical forces  ... done : cpu-time :  1.907348632812500E-005
  MD nodes wait for QM forces.
  
  
============================== step:           4 ==============================
  
  Input charge estimation
  No. of electrons :   7.99999999999992     
  cpu-time ( sec )  :    0.0018
  Subspace alignment
  ( Gram-Schmidt )      
  cpu-time ( sec )  :    0.0039
  *** nlcmx1&2 :       27783        9261        9261
  
     E(HF) (Ryd.)   E(KS) (Ryd.)  diff /el.  diff2/el.  zansa2        sec
 0: -3.3994655E+01 -3.3959045E+01 1.2500E+09 4.4512E-03 1.4507E-02    0.058
 1: -3.4001592E+01 -3.4000853E+01 8.6713E-04 9.2362E-05 3.4617E-04    0.092
 2: -3.4002094E+01 -3.3996826E+01 6.2677E-05 6.5847E-04 8.2487E-05    0.090
 3: -3.4002190E+01 -3.4006449E+01 1.2014E-05 5.3239E-04 8.9611E-06    0.094
 4: -3.4002211E+01 -3.3997709E+01 2.7101E-06 5.6276E-04 1.1742E-06    0.111
 5: -3.4002217E+01 -3.4003330E+01 6.6049E-07 1.3916E-04 1.0943E-07    0.099
 6: -3.4002220E+01 -3.4002991E+01 4.1064E-07 9.6383E-05 2.8269E-08    0.096
 7: -3.4002224E+01 -3.4002366E+01 5.5713E-07 1.7677E-05 1.5983E-08    0.105
 8: -3.4002226E+01 -3.4001949E+01 1.8406E-07 3.4591E-05 5.7433E-09    0.113
 *** information(Pulay) : reset kntchg =           8
 9: -3.4002227E+01 -3.4002234E+01 8.5882E-08 9.0237E-07 1.3675E-09    0.128
  
 Force calculation (sec) :    -0.0001
  * Total energy (HF) =      -33.743407 ( Ryd. )    -459.1060 (eV)
  
 cpu-time ( sec )  :    1.0022
                  QM forces  ... done : cpu-time :   1.00227594375610     
      4 -1.6871703574E+01
        5.1720468954E-02
  
                              MD step : cpu-time :   1.00241899490356     
 The status of eigenvalue problem: OK   
 The lowest three eigenvalues of Hessian
           1  0.748026328761912     
           2   1.00000000000000     
           3   1.00000000000000     
  gamma =  0.380387218935657     
 The Newton-Raphson step for the lowest three eigenvalues
           1 -6.145264025386830E-002
           2  8.593414899425559E-013
           3  1.911121448351668E-013
  
                    setup coordinates : cpu-time :  0.000000000000000E+000
           classical forces  ... done : cpu-time :  0.000000000000000E+000
  MD nodes wait for QM forces.
  
  
============================== step:           5 ==============================
  
  Input charge estimation
  No. of electrons :   8.00000000000012     
  cpu-time ( sec )  :    0.0015
  Subspace alignment
  ( Gram-Schmidt )      
  cpu-time ( sec )  :    0.0045
  *** nlcmx1&2 :       27783        9261        9261
  
     E(HF) (Ryd.)   E(KS) (Ryd.)  diff /el.  diff2/el.  zansa2        sec
 0: -3.3630758E+01 -3.3578304E+01 1.2500E+09 6.5568E-03 6.0157E-03    0.061
 1: -3.3634782E+01 -3.3605712E+01 5.0298E-04 3.6338E-03 4.3717E-04    0.098
 2: -3.3635146E+01 -3.3625235E+01 4.5530E-05 1.2389E-03 2.9294E-05    0.108
 3: -3.3635135E+01 -3.3633269E+01 1.4284E-06 2.3331E-04 6.1636E-06    0.112
 4: -3.3635153E+01 -3.3635730E+01 2.2752E-06 7.2150E-05 7.2231E-07    0.110
 5: -3.3635163E+01 -3.3632518E+01 1.1680E-06 3.3056E-04 1.8866E-07    0.098
 6: -3.3635170E+01 -3.3635227E+01 9.8042E-07 7.0423E-06 2.0318E-07    0.099
 7: -3.3635182E+01 -3.3635049E+01 1.4592E-06 1.6602E-05 7.1076E-08    0.102
 8: -3.3635186E+01 -3.3635096E+01 4.6581E-07 1.1181E-05 2.9062E-08    0.114
 *** information(Pulay) : reset kntchg =           8
 9: -3.3635187E+01 -3.3635377E+01 1.9390E-07 2.3761E-05 1.1653E-08    0.119
10: -3.3635188E+01 -3.3635205E+01 5.4434E-08 2.2099E-06 2.7915E-09    0.122
  
 Force calculation (sec) :    -0.0001
  * Total energy (HF) =      -33.750986 ( Ryd. )    -459.2092 (eV)
  
 cpu-time ( sec )  :    1.1597
                  QM forces  ... done : cpu-time :   1.15976953506470     
      5 -1.6875493111E+01
        2.7518102988E-02
  
                              MD step : cpu-time :   1.15987157821655     
 The status of eigenvalue problem: OK   
 The lowest three eigenvalues of Hessian
           1  0.488886229743270     
           2   1.00000000000000     
           3   1.00000000000000     
  gamma =  0.247516868030577     
 The Newton-Raphson step for the lowest three eigenvalues
           1  5.280606137689559E-002
           2  5.496016022797755E-011
           3  4.193632506161016E-011
  
                    setup coordinates : cpu-time :  1.325607299804688E-004
           classical forces  ... done : cpu-time :  3.147125244140625E-005
  MD nodes wait for QM forces.
  
  
============================== step:           6 ==============================
  
  Input charge estimation
  No. of electrons :   7.99999999999989     
  cpu-time ( sec )  :    0.0020
  Subspace alignment
  ( Gram-Schmidt )      
  cpu-time ( sec )  :    0.0042
  *** nlcmx1&2 :       27783        9261        9261
  
     E(HF) (Ryd.)   E(KS) (Ryd.)  diff /el.  diff2/el.  zansa2        sec
 0: -3.3439168E+01 -3.3405159E+01 1.2500E+09 4.2511E-03 1.4564E-04    0.059
 1: -3.3439398E+01 -3.3438837E+01 2.8780E-05 7.0184E-05 6.4032E-06    0.106
 2: -3.3439407E+01 -3.3438577E+01 1.0177E-06 1.0364E-04 7.0588E-07    0.096
 3: -3.3439406E+01 -3.3439543E+01 5.9900E-09 1.7087E-05 2.1040E-07    0.107
 4: -3.3439407E+01 -3.3439075E+01 1.2523E-07 4.1507E-05 4.7461E-08    0.115
 5: -3.3439408E+01 -3.3439201E+01 4.6749E-08 2.5827E-05 1.4006E-08    0.097
 6: -3.3439408E+01 -3.3439349E+01 8.2984E-08 7.4286E-06 3.0386E-09    0.110
  
 Force calculation (sec) :    -0.0001
  * Total energy (HF) =      -33.754136 ( Ryd. )    -459.2520 (eV)
  
 cpu-time ( sec )  :    0.7051
                  QM forces  ... done : cpu-time :  0.705112457275391     
      6 -1.6877067932E+01
        1.6158805409E-02
  
                              MD step : cpu-time :  0.705374717712402     
 The status of eigenvalue problem: OK   
 The lowest three eigenvalues of Hessian
           1  0.281126110647954     
           2   1.00000000000000     
           3   1.00000000000000     
  gamma =  0.142499231529434     
 The Newton-Raphson step for the lowest three eigenvalues
           1  5.526262524085637E-002
           2 -3.749274028734114E-012
           3  9.846027604208126E-011
  
                    setup coordinates : cpu-time :  1.316070556640625E-004
           classical forces  ... done : cpu-time :  2.670288085937500E-005
  MD nodes wait for QM forces.
  
  
============================== step:           7 ==============================
  
  Input charge estimation
  No. of electrons :   8.00000000000002     
  cpu-time ( sec )  :    0.0019
  Subspace alignment
  ( Gram-Schmidt )      
  cpu-time ( sec )  :    0.0041
  *** nlcmx1&2 :       27783        9261        9261
  
     E(HF) (Ryd.)   E(KS) (Ryd.)  diff /el.  diff2/el.  zansa2        sec
 0: -3.3326551E+01 -3.3295275E+01 1.2500E+09 3.9094E-03 8.5931E-04    0.059
 1: -3.3327216E+01 -3.3326774E+01 8.3128E-05 5.5239E-05 3.9576E-05    0.090
 2: -3.3327268E+01 -3.3325237E+01 6.5911E-06 2.5396E-04 3.7147E-06    0.092
 3: -3.3327268E+01 -3.3326861E+01 2.3778E-08 5.0892E-05 7.8829E-07    0.100
 4: -3.3327271E+01 -3.3326863E+01 3.3276E-07 5.0997E-05 1.8590E-07    0.118
 5: -3.3327272E+01 -3.3328072E+01 2.0009E-07 9.9907E-05 5.4858E-08    0.105
 6: -3.3327275E+01 -3.3327322E+01 3.6208E-07 5.8289E-06 1.8388E-08    0.120
 7: -3.3327277E+01 -3.3326998E+01 1.8061E-07 3.4848E-05 5.5928E-09    0.120
 8: -3.3327278E+01 -3.3327243E+01 1.3900E-07 4.4018E-06 2.5139E-09    0.128
  
 Force calculation (sec) :     0.0000
  * Total energy (HF) =      -33.756248 ( Ryd. )    -459.2808 (eV)
  
 cpu-time ( sec )  :    0.9440
                  QM forces  ... done : cpu-time :  0.944042205810547     
      7 -1.6878123815E+01
        1.7584687009E-02
  
                              MD step : cpu-time :  0.944298744201660     
 The status of eigenvalue problem: OK   
 The lowest three eigenvalues of Hessian
           1  0.179626384727474     
           2   1.00000000000000     
           3   1.00000000000000     
  gamma =  9.108925665587830E-002  ->  0.100000000000000     
 The Newton-Raphson step for the lowest three eigenvalues
           1 -5.433508532753008E-002
           2 -5.168895191594089E-013
           3  1.050306789932694E-010
  
                    setup coordinates : cpu-time :  1.306533813476562E-004
           classical forces  ... done : cpu-time :  2.098083496093750E-005
  MD nodes wait for QM forces.
  
  
============================== step:           8 ==============================
  
  Input charge estimation
  No. of electrons :   8.00000000000006     
  cpu-time ( sec )  :    0.0019
  Subspace alignment
  ( Gram-Schmidt )      
  cpu-time ( sec )  :    0.0040
  *** nlcmx1&2 :       27783        9261        9261
  
     E(HF) (Ryd.)   E(KS) (Ryd.)  diff /el.  diff2/el.  zansa2        sec
 0: -3.3291649E+01 -3.3257656E+01 1.2500E+09 4.2491E-03 8.6247E-04    0.059
 1: -3.3292255E+01 -3.3281903E+01 7.5798E-05 1.2940E-03 5.3811E-05    0.098
 2: -3.3292321E+01 -3.3290684E+01 8.2281E-06 2.0466E-04 4.7170E-06    0.091
 3: -3.3292321E+01 -3.3291192E+01 3.6034E-08 1.4119E-04 1.4319E-06    0.094
 4: -3.3292323E+01 -3.3291432E+01 2.2346E-07 1.1138E-04 3.6887E-07    0.115
 5: -3.3292323E+01 -3.3292615E+01 4.4556E-08 3.6430E-05 1.4847E-07    0.099
 6: -3.3292325E+01 -3.3292204E+01 1.6046E-07 1.5040E-05 1.7667E-08    0.118
 7: -3.3292326E+01 -3.3292338E+01 1.3285E-07 1.5198E-06 5.1378E-09    0.104
 8: -3.3292326E+01 -3.3292325E+01 9.3873E-08 1.8824E-07 2.1771E-09    0.114
  
 Force calculation (sec) :    -0.0001
  * Total energy (HF) =      -33.757714 ( Ryd. )    -459.3007 (eV)
  
 cpu-time ( sec )  :    0.9073
                  QM forces  ... done : cpu-time :  0.907364845275879     
      8 -1.6878856974E+01
        1.5069676599E-02
  
                              MD step : cpu-time :  0.907608985900879     
 The status of eigenvalue problem: OK   
 The lowest three eigenvalues of Hessian
           1  0.151757216258967     
           2   1.00000000000000     
           3   1.00000000000000     
  gamma =  7.645615090025723E-002  ->  0.100000000000000     
 The Newton-Raphson step for the lowest three eigenvalues
           1  3.725715196056281E-002
           2 -4.902792459808890E-012
           3  3.646577557426380E-013
  
                    setup coordinates : cpu-time :  0.000000000000000E+000
           classical forces  ... done : cpu-time :  0.000000000000000E+000
  MD nodes wait for QM forces.
  
  
============================== step:           9 ==============================
  
  Input charge estimation
  No. of electrons :   7.99999999999997     
  cpu-time ( sec )  :    0.0010
  Subspace alignment
  ( Gram-Schmidt )      
  cpu-time ( sec )  :    0.0040
  *** nlcmx1&2 :       27783        9261        9261
  
     E(HF) (Ryd.)   E(KS) (Ryd.)  diff /el.  diff2/el.  zansa2        sec
 0: -3.3321733E+01 -3.3296214E+01 1.2500E+09 3.1899E-03 1.7900E-03    0.057
 1: -3.3322763E+01 -3.3319741E+01 1.2881E-04 3.7775E-04 7.1893E-05    0.090
 2: -3.3322849E+01 -3.3325749E+01 1.0783E-05 3.6249E-04 8.8074E-06    0.093
 3: -3.3322846E+01 -3.3322845E+01 4.6941E-07 1.1536E-07 2.2653E-06    0.103
 4: -3.3322854E+01 -3.3324179E+01 1.0590E-06 1.6567E-04 4.7251E-07    0.115
 5: -3.3322857E+01 -3.3322294E+01 3.5446E-07 7.0376E-05 1.1797E-07    0.094
 6: -3.3322863E+01 -3.3322737E+01 7.7735E-07 1.5742E-05 5.7281E-08    0.124
 7: -3.3322866E+01 -3.3323052E+01 4.1550E-07 2.3179E-05 1.7140E-08    0.118
 8: -3.3322869E+01 -3.3322901E+01 2.5395E-07 4.0479E-06 5.4603E-09    0.136
 9: -3.3322869E+01 -3.3322914E+01 9.7154E-08 5.5986E-06 2.2876E-09    0.124
  
 Force calculation (sec) :    -0.0001
  * Total energy (HF) =      -33.758427 ( Ryd. )    -459.3104 (eV)
  
 cpu-time ( sec )  :    1.0690
                  QM forces  ... done : cpu-time :   1.06903457641602     
      9 -1.6879213685E+01
        8.2799040623E-03
  
                              MD step : cpu-time :   1.06914424896240     
 The status of eigenvalue problem: OK   
 The lowest three eigenvalues of Hessian
           1  0.162827751040296     
           2  0.999999999761670     
           3  0.999999999999999     
  gamma =  8.155756357313027E-002  ->  0.100000000000000     
 The Newton-Raphson step for the lowest three eigenvalues
           1  1.841174118488080E-002
           2 -1.191060093542195E-006
           3  3.997559646055393E-012
  
                    setup coordinates : cpu-time :  1.239776611328125E-004
           classical forces  ... done : cpu-time :  2.002716064453125E-005
  MD nodes wait for QM forces.
  
  
============================== step:          10 ==============================
  
  Input charge estimation
  No. of electrons :   7.99999999999996     
  cpu-time ( sec )  :    0.0021
  Subspace alignment
  ( Gram-Schmidt )      
  cpu-time ( sec )  :    0.0034
  *** nlcmx1&2 :       27783        9261        9261
  
     E(HF) (Ryd.)   E(KS) (Ryd.)  diff /el.  diff2/el.  zansa2        sec
 0: -3.3363449E+01 -3.3358309E+01 1.2500E+09 6.4258E-04 1.9655E-03    0.058
 1: -3.3364637E+01 -3.3371989E+01 1.4845E-04 9.1904E-04 1.0576E-04    0.099
 2: -3.3364736E+01 -3.3367352E+01 1.2376E-05 3.2701E-04 8.8996E-06    0.090
 3: -3.3364732E+01 -3.3366503E+01 5.6476E-07 2.2146E-04 1.8649E-06    0.095
 4: -3.3364734E+01 -3.3363789E+01 3.0972E-07 1.1809E-04 2.9615E-07    0.102
 5: -3.3364741E+01 -3.3365435E+01 9.0995E-07 8.6709E-05 9.5871E-08    0.106
 6: -3.3364749E+01 -3.3365145E+01 9.9363E-07 4.9427E-05 5.8938E-08    0.108
 7: -3.3364751E+01 -3.3363764E+01 2.4287E-07 1.2342E-04 6.5925E-08    0.125
 8: -3.3364753E+01 -3.3365169E+01 2.7375E-07 5.1998E-05 2.3448E-08    0.128
 9: -3.3364754E+01 -3.3364986E+01 8.0357E-08 2.8991E-05 4.1086E-09    0.123
  
 Force calculation (sec) :    -0.0001
  * Total energy (HF) =      -33.758628 ( Ryd. )    -459.3131 (eV)
  
 cpu-time ( sec )  :    1.0461
                  QM forces  ... done : cpu-time :   1.04618549346924     
     10 -1.6879313888E+01
        2.5071344840E-03
  
                              MD step : cpu-time :   1.04643154144287     
 The status of eigenvalue problem: OK   
 The lowest three eigenvalues of Hessian
           1  0.182898877904545     
           2  0.999999821580795     
           3   1.00000000000000     
  gamma =  9.146502460112289E-002  ->  0.100000000000000     
 The Newton-Raphson step for the lowest three eigenvalues
           1  5.968363181840756E-003
           2  1.891644891027615E-005
           3 -2.144313920322026E-014
  
                    setup coordinates : cpu-time :  1.316070556640625E-004
           classical forces  ... done : cpu-time :  2.002716064453125E-005
  MD nodes wait for QM forces.
  
  
============================== step:          11 ==============================
  
  Input charge estimation
  No. of electrons :   8.00000000000008     
  cpu-time ( sec )  :    0.0018
  Subspace alignment
  ( Gram-Schmidt )      
  cpu-time ( sec )  :    0.0041
  *** nlcmx1&2 :       27783        9261        9261
  
     E(HF) (Ryd.)   E(KS) (Ryd.)  diff /el.  diff2/el.  zansa2        sec
 0: -3.3379695E+01 -3.3381418E+01 1.2500E+09 2.1545E-04 4.0842E-04    0.060
 1: -3.3379938E+01 -3.3385980E+01 3.0378E-05 7.5528E-04 2.5998E-05    0.091
 2: -3.3379972E+01 -3.3381035E+01 4.3244E-06 1.3280E-04 2.2314E-06    0.105
 3: -3.3379971E+01 -3.3380731E+01 1.4006E-07 9.4976E-05 6.4331E-07    0.101
 4: -3.3379972E+01 -3.3380364E+01 1.0027E-07 4.9055E-05 9.3737E-08    0.118
 5: -3.3379973E+01 -3.3379858E+01 9.1977E-08 1.4349E-05 4.1595E-08    0.102
 6: -3.3379975E+01 -3.3379950E+01 2.3150E-07 3.0618E-06 9.8560E-09    0.111
 7: -3.3379975E+01 -3.3380226E+01 1.0095E-07 3.1325E-05 3.7714E-09    0.113
  
 Force calculation (sec) :    -0.0001
  * Total energy (HF) =      -33.758650 ( Ryd. )    -459.3134 (eV)
  
 cpu-time ( sec )  :    0.8153
                  QM forces  ... done : cpu-time :  0.815347671508789     
     11 -1.6879325036E+01
        8.1307923271E-04
  
                              MD step : cpu-time :  0.815610885620117     
 The status of eigenvalue problem: OK   
 The lowest three eigenvalues of Hessian
           1  0.165704471321744     
           2  0.916179004520701     
           3   1.00000000000000     
  gamma =  8.285616515624641E-002  ->  0.100000000000000     
 The Newton-Raphson step for the lowest three eigenvalues
           1  3.036979015805168E-003
           2  6.122769540738134E-004
           3 -1.844563178485629E-012
  
                    setup coordinates : cpu-time :  1.373291015625000E-004
           classical forces  ... done : cpu-time :  2.098083496093750E-005
  MD nodes wait for QM forces.
  
  
============================== step:          12 ==============================
  
  Input charge estimation
  No. of electrons :   7.99999999999989     
  cpu-time ( sec )  :    0.0018
  Subspace alignment
  ( Gram-Schmidt )      
  cpu-time ( sec )  :    0.0040
  *** nlcmx1&2 :       27783        9261        9261
  
     E(HF) (Ryd.)   E(KS) (Ryd.)  diff /el.  diff2/el.  zansa2        sec
 0: -3.3384607E+01 -3.3384286E+01 1.2500E+09 4.0146E-05 5.2459E-04    0.057
 1: -3.3384910E+01 -3.3381366E+01 3.7853E-05 4.4291E-04 2.7142E-05    0.092
 2: -3.3384948E+01 -3.3383320E+01 4.8411E-06 2.0356E-04 2.5289E-06    0.105
 3: -3.3384948E+01 -3.3384748E+01 1.2364E-07 2.4926E-05 7.2490E-07    0.108
 4: -3.3384949E+01 -3.3384232E+01 1.5082E-07 8.9620E-05 2.1929E-07    0.114
 5: -3.3384949E+01 -3.3385194E+01 5.2770E-08 3.0560E-05 7.4002E-08    0.091
 6: -3.3384950E+01 -3.3384855E+01 1.6467E-07 1.1936E-05 2.4095E-08    0.101
 7: -3.3384951E+01 -3.3384735E+01 4.0015E-08 2.6918E-05 5.2520E-09    0.101
 8: -3.3384951E+01 -3.3384853E+01 8.5649E-08 1.2326E-05 3.0076E-09    0.119
  
 Force calculation (sec) :     0.0000
  * Total energy (HF) =      -33.758653 ( Ryd. )    -459.3135 (eV)
  
 cpu-time ( sec )  :    0.9032
                  QM forces  ... done : cpu-time :  0.903276443481445     
  *** CG minimization complete
      energy convergence = -1.681387384877553E-006
      force  convergence =  2.401991259429728E-004
  
                              MD step : cpu-time :  0.903484344482422     
 open file(in remd_svatoms): data/MD_Tocontinue
 open file(in remd_svatoms): data/MD_mts0
  
 open file(in svwfns): data/QM_eig
               svwfns :          :  1.239776611328125E-005
 open file(in svcdty): data/QM_cds
               svcdty :          :  0.000000000000000E+000
 open file(in svvhar): data/QM_hrt
               svvhar :          :  4.796981811523438E-004
 open file(in svacon): data/QM_ion
               svacon :          :  8.163452148437500E-004
 open file: data/QM_cell
 open file(in savpcd): data/QM_pcds
               savpcd :          :  1.061439514160156E-003
 open file(in savpwv): data/QM_peig
                all to all (gd-to-bd) : cpu-time :  2.183914184570312E-004
               savpwv :          :  2.000808715820312E-003
  dump data ... done  : cpu-time :  5.355834960937500E-003
  dump data ... done  : cpu-time :  5.355834960937500E-003
  
  Program ending at 11:36:26.376 on 2021/06/24

  total cpu-time ( sec )  :     15.149315

