FINAL HEAT OF FORMATION =      -849.7803189451  time =       1.0000000000
 State =            0
 Seed  =      2762250
$COORD
  6       -7.9762472744       0.6721281160      -0.0537020684
  6       -7.0833232942       1.7625348958       0.0279643926
  6       -5.7115807570       1.5443344132       0.0332080264
  6       -5.2150315563       0.2246899163      -0.0443157674
  6       -6.1123666112      -0.8699450043       0.0219471351
  6       -7.5349400144      -0.6444914488       0.0244589706
  1       -9.0530897199       0.8731998715      -0.0738438375
  1       -7.4844157587       2.7783055496       0.1739685853
  1       -5.0801796569       2.4613490841       0.1341446563
  1       -4.1042663646       0.0999805583      -0.1578580104
  1       -5.7095521084      -1.8888470436       0.1116702098
  1       -8.2685677471      -1.4302195287       0.1103670386
$ENDCOORD
$VELOC
     4.2775851930    -5.1306810015    -0.6522482093
     0.9171620721     2.1616943840    -1.1043847694
    -5.2894097187    -5.2957613608     2.3974349092
     7.5335052255     5.4979442624    -0.6758061752
    -7.2088023381    -0.5524632158     0.5289677690
     0.4795337313    -0.1139495861    -0.4623135398
   -29.4548657599    17.0998434989     6.0453386708
    -7.8786276672    20.4313374948     7.3414950448
    15.1537665517     6.4559021690   -14.5286211874
    17.9088099977    -0.8327135491    -0.0235672605
   -18.2801450086    -0.9559185923    -2.2913867977
    14.0283665900    -0.9620874272     3.0765935662
$ENDVELOC
$COEFF
$ENDCOEFF
