FINAL HEAT OF FORMATION =      -849.7746243362  time =       0.0000000000
$VELOC
     3.3718248255    -5.6032885851    -1.1970845430
     2.5106648755     2.0978837936    -1.0696411897
    -5.9135180273    -3.7505826950     1.1689299882
     7.7194332369     4.8702351843     0.6576546539
    -7.1851218597    -2.0113572464    -0.6329683366
    -1.7276579899     0.3919019235    -0.0257452789
   -17.0279163131     9.9875659543     5.3513734186
    -4.7222747942    18.9640275032    11.9601977631
    10.9539809533    17.0164104392    -9.7113209727
    25.7548696749     2.2116651957    -0.5444198126
   -16.5303708309    -2.3313274630    -3.2147489925
    16.2776787025     2.2582071550     9.3572624706
$ENDVELOC
FINAL HEAT OF FORMATION =      -849.7803189451  time =       1.0000000000
$VELOC
     4.2775851930    -5.1306810015    -0.6522482093
     0.9171620721     2.1616943840    -1.1043847694
    -5.2894097187    -5.2957613608     2.3974349092
     7.5335052255     5.4979442624    -0.6758061752
    -7.2088023381    -0.5524632158     0.5289677690
     0.4795337313    -0.1139495861    -0.4623135398
   -29.4548657599    17.0998434989     6.0453386708
    -7.8786276672    20.4313374948     7.3414950448
    15.1537665517     6.4559021690   -14.5286211874
    17.9088099977    -0.8327135491    -0.0235672605
   -18.2801450086    -0.9559185923    -2.2913867977
    14.0283665900    -0.9620874272     3.0765935662
$ENDVELOC
