FINAL HEAT OF FORMATION =      -849.7746378762  time =       1.0000000000
 State =            0
 Seed  =     36127968
$COORD
  6       -7.9759694212       0.6720222219      -0.0542135273
  6       -7.0824902097       1.7619452117       0.0284387324
  6       -5.7119909073       1.5450028957       0.0324462153
  6       -5.2156435265       0.2245375183      -0.0439126112
  6       -6.1127974587      -0.8701641908       0.0214585055
  6       -7.5350455014      -0.6437040990       0.0247185795
  1       -9.0489776448       0.8700976379      -0.0745936484
  1       -7.4831330313       2.7778707041       0.1746785645
  1       -5.0810647494       2.4629519560       0.1376034318
  1       -4.1058114422       0.1008716553      -0.1576340440
  1       -5.7092402462      -1.8894687760       0.1111024018
  1       -8.2671765678      -1.4316641422       0.1141585949
$ENDCOORD
$VELOC
     4.1923251400    -5.6161509265    -0.7731155553
     2.3914149925     1.3347738750    -1.0283978416
    -6.2516209830    -4.2077123889     1.1717030417
     7.2651321178     5.0410031261     0.7226649454
    -8.1104737802    -1.1321437577    -0.6301671293
     0.4757705281     1.0965997884    -0.1619762298
   -25.5544049819    12.2759169958     4.4511727274
    -6.1481702697    22.2176657723    10.1127239692
    13.9631305526    11.8574375481   -11.5151952538
    20.0642521740    -0.2274772283     1.5283276424
   -18.3774328596    -1.0404360109    -4.7680608238
    16.5024611733    -3.2412237416     8.5901891418
$ENDVELOC
$COEFF
$ENDCOEFF
