FINAL HEAT OF FORMATION =      -849.7746243362  time =       0.0000000000
$VELOC
     3.3718248255    -5.6032885851    -1.1970845430
     2.5106648755     2.0978837936    -1.0696411897
    -5.9135180273    -3.7505826950     1.1689299882
     7.7194332369     4.8702351843     0.6576546539
    -7.1851218597    -2.0113572464    -0.6329683366
    -1.7276579899     0.3919019235    -0.0257452789
   -17.0279163131     9.9875659543     5.3513734186
    -4.7222747942    18.9640275032    11.9601977631
    10.9539809533    17.0164104392    -9.7113209727
    25.7548696749     2.2116651957    -0.5444198126
   -16.5303708309    -2.3313274630    -3.2147489925
    16.2776787025     2.2582071550     9.3572624706
$ENDVELOC
FINAL HEAT OF FORMATION =      -849.7746288470  time =       0.1000000000
$VELOC
     3.4924674585    -5.6359007674    -1.1546524844
     2.5257437114     2.0058470007    -1.0699006007
    -5.9827441924    -3.8255961762     1.1689559186
     7.6767227150     4.9132386235     0.6650589921
    -7.3057744620    -1.9428411724    -0.6310422698
    -1.5137268437     0.4618270949    -0.0393998837
   -18.3294693576    10.3146540888     5.2531386726
    -4.9883907469    19.6259936560    11.8287721133
    11.4750123734    16.7870808872    -9.8743190505
    25.4517458082     1.9369116780    -0.3623472186
   -16.7600732816    -2.1657406379    -3.3778154261
    16.4510949907     1.8264627696     9.2760056272
$ENDVELOC
FINAL HEAT OF FORMATION =      -849.7746327470  time =       0.2000000000
$VELOC
     3.6053018543    -5.6617562665    -1.1122143212
     2.5349963932     1.9169533783    -1.0692311451
    -6.0441284982    -3.8939401347     1.1690990397
     7.6336191035     4.9503980701     0.6722242265
    -7.4202987964    -1.8698645831    -0.6294750027
    -1.2978146822     0.5321910997    -0.0530704319
   -19.5400212328    10.6222160667     5.1567046154
    -5.2283300191    20.2161620593    11.6861042586
    11.9462839851    16.4912295743   -10.0420244874
    25.0848683416     1.6690585754    -0.1740696151
   -16.9803390559    -2.0072253316    -3.5393358266
    16.5883050609     1.3650664937     9.1958820139
$ENDVELOC
FINAL HEAT OF FORMATION =      -849.7746359637  time =       0.3000000000
$VELOC
     3.7099623947    -5.6807510604    -1.0697772702
     2.5383264691     1.8313778536    -1.0676091584
    -6.0976276549    -3.9556407272     1.1693392418
     7.5900611986     4.9817376293     0.6791627072
    -7.5286474308    -1.7924733278    -0.6282701029
    -1.0801111976     0.6028865474    -0.0667505993
   -20.6553093934    10.9092220645     5.0621095002
    -5.4413860537    20.7328200040    11.5318826579
    12.3678279332    16.1295157991   -10.2141630590
    24.6556980836     1.4081233086     0.0202165535
   -17.1909280140    -1.8562329475    -3.6992368927
    16.6900804943     0.8750502866     9.1168763779
$ENDVELOC
FINAL HEAT OF FORMATION =      -849.7746384660  time =       0.4000000000
$VELOC
     3.8061267832    -5.6928012548    -1.0273476046
     2.5356597910     1.7492719988    -1.0650151597
    -6.1432214105    -4.0107410696     1.1696550484
     7.5459756115     5.0072801095     0.6858881242
    -7.6307694184    -1.7107167384    -0.6274308242
    -0.8608210689     0.6738020219    -0.0804328366
   -21.6716316981    11.1747337021     4.9693752133
    -5.6269853691    21.1745963088    11.3658460970
    12.7398493109    15.7028462987   -10.3904342614
    24.1658718891     1.1541038290     0.2202964250
   -17.3916177242    -1.7131821392    -3.8574512063
    16.7573276814     0.3575841448     9.0389582783
$ENDVELOC
FINAL HEAT OF FORMATION =      -849.7746402265  time =       0.5000000000
$VELOC
     3.8935185283    -5.6978344211    -0.9849300868
     2.5269360518     1.6707609401    -1.0614330817
    -6.1809052195    -4.0593065211     1.1700226942
     7.5012794359     5.0270570312     0.6924152709
    -7.7266196251    -1.6246516671    -0.6269596341
    -0.6401566382     0.7448166351    -0.0941082013
   -22.5858514261    11.4179062874     4.8785046049
    -5.7846868036    21.5404590277    11.1877785644
    13.0627182157    15.2123644740   -10.5705113169
    23.6171916536     0.9069764377     0.4259371301
   -17.5822006744    -1.5784557129    -4.0139151061
    16.7910840571    -0.1860237418     8.9620775125
$ENDVELOC
FINAL HEAT OF FORMATION =      -849.7746412313  time =       0.6000000000
$VELOC
     3.9719062566    -5.6957914520    -0.9425282977
     2.5121102409     1.5959444781    -1.0568505813
    -6.2106907990    -4.1014222144     1.1704167620
     7.4558805574     5.0411063996     0.6987600020
    -7.8161567456    -1.5343415217    -0.6268583612
    -0.4183388563     0.8158013361    -0.1077664172
   -23.3953935945    11.6379913869     4.7894844774
    -5.9141788826    21.8297081083    10.9975114183
    13.3369605557    14.6594348205   -10.7540457334
    23.0116135099     0.6666973327     0.6368894128
   -17.7624858854    -1.4523996770    -4.1685692708
    16.7925146323    -0.7543305468     8.8861655123
$ENDVELOC
FINAL HEAT OF FORMATION =      -849.7746414802  time =       0.7000000000
$VELOC
     4.0411031019    -5.6866267642    -0.9001447711
     2.4911525733     1.5248977358    -1.0512589989
    -6.2326055485    -4.1371918052     1.1708103831
     7.4096783316     5.0494724745     0.7049391691
    -7.8993431229    -1.4398561980    -0.6271282014
    -0.1955968817     0.8866193346    -0.1213958815
   -24.0982373330    11.8343383026     4.7022872105
    -6.0152766247    22.0419669807    10.7949234089
    13.5632490594    14.0456281348   -10.9406703516
    22.3512371735     0.4332033130     0.8528889256
   -17.9322993485    -1.3353217934    -4.3213588627
    16.7629073556    -1.3457627303     8.8111352383
$ENDVELOC
FINAL HEAT OF FORMATION =      -849.7746409857  time =       0.8000000000
$VELOC
     4.1009657397    -5.6703084231    -0.8577810968
     2.4640483444     1.4576719272    -1.0446533455
    -6.2466919497    -4.1667362084     1.1711754780
     7.3625643109     5.0522055408     0.7109705413
    -7.9761446333    -1.3412720023    -0.6277697359
     0.0278324180     0.9571266194    -0.1349836767
   -24.6929039985    12.0063947403     4.6168723292
    -6.0879178830    22.1771724102    10.5799403931
    13.7423941796    13.3727066613   -11.1300023209
    21.6382954968     0.2064124772     1.0736574939
   -18.0914844832    -1.2274903416    -4.4722336357
    16.7036676121    -1.9586209528     8.7368812276
$ENDVELOC
FINAL HEAT OF FORMATION =      -849.7746397724  time =       0.9000000000
$VELOC
     4.1513931663    -5.6468180575    -0.8154380171
     2.4307976078     1.3942952533    -1.0370322475
    -6.2530068641    -4.1901924591     1.1714829851
     7.3144229252     5.0493618091     0.7168726922
    -8.0465306395    -1.2386715695    -0.6287829261
     0.2517050670     1.0271723921    -0.1485156043
   -25.1784414923    12.1537065823     4.5331880192
    -6.1321590437    22.2355628243    10.3525346428
    13.8753350530    12.6426094241   -11.3216459140
    20.8751442303    -0.0137752043     1.2989044085
   -18.2399025267    -1.1291330271    -4.6211479404
    16.6163120336    -2.5910856404     8.6632797401
$ENDVELOC
FINAL HEAT OF FORMATION =      -849.7746378762  time =       1.0000000000
$VELOC
     4.1923251400    -5.6161509265    -0.7731155553
     2.3914149925     1.3347738750    -1.0283978416
    -6.2516209830    -4.2077123889     1.1717030417
     7.2651321178     5.0410031261     0.7226649454
    -8.1104737802    -1.1321437577    -0.6301671293
     0.4757705281     1.0965997884    -0.1619762298
   -25.5544049819    12.2759169958     4.4511727274
    -6.1481702697    22.2176657723    10.1127239692
    13.9631305526    11.8574375481   -11.5151952538
    20.0642521740    -0.2274772283     1.5283276424
   -18.3774328596    -1.0404360109    -4.7680608238
    16.5024611733    -3.2412237416     8.5901891418
$ENDVELOC
