##     time(fs)           T                  T-T0               U                  U-U0               E                  E-E0
       0.0000000000       0.0000000000       0.0000000000   -1513.8646384330       0.0000000000   -1513.8646384330       0.0000000000
       0.1000000000       0.0022904574       0.0022904574   -1513.8669620822      -0.0023236492   -1513.8646716248      -0.0000331919
       0.2000000000       0.0091483202       0.0091483202   -1513.8738548443      -0.0092164114   -1513.8647065242      -0.0000680912
       0.3000000000       0.0205366914       0.0205366914   -1513.8847200846      -0.0200816516   -1513.8641833932       0.0004550398
       0.4000000000       0.0370505876       0.0370505876   -1513.9012479055      -0.0366094725   -1513.8641973178       0.0004411151
       0.5000000000       0.0587963729       0.0587963729   -1513.9230257295      -0.0583872965   -1513.8642293565       0.0004090764
       0.6000000000       0.0857382754       0.0857382754   -1513.9499736156      -0.0853351827   -1513.8642353402       0.0004030927
       0.7000000000       0.1176993953       0.1176993953   -1513.9819521006      -0.1173136677   -1513.8642527053       0.0003857276
       0.8000000000       0.1545422367       0.1545422367   -1514.0188083845      -0.1541699515   -1513.8642661478       0.0003722852
       0.9000000000       0.1961022296       0.1961022296   -1514.0603764174      -0.1957379844   -1513.8642741878       0.0003642452
       1.0000000000       0.2421809010       0.2421809010   -1514.1064681792      -0.2418297462   -1513.8642872781       0.0003511548
       1.1000000000       0.2925811900       0.2925811900   -1514.1568820924      -0.2922436594   -1513.8643009024       0.0003375306
       1.2000000000       0.3470889428       0.3470889428   -1514.2114038141      -0.3467653812   -1513.8643148713       0.0003235617
       1.3000000000       0.4054780993       0.4054780993   -1514.2698078385      -0.4051694055   -1513.8643297391       0.0003086938
       1.4000000000       0.4675148029       0.4675148029   -1514.3318597944      -0.4672213614   -1513.8643449915       0.0002934415
       1.5000000000       0.5329581241       0.5329581241   -1514.3973185138      -0.5326800808   -1513.8643603897       0.0002780433
       1.6000000000       0.6015620816       0.6015620816   -1514.4659380038      -0.6012995708   -1513.8643759222       0.0002625107
       1.7000000000       0.6730779503       0.6730779503   -1514.5374694951      -0.6728310621   -1513.8643915447       0.0002468882
       1.8000000000       0.7472563523       0.7472563523   -1514.6116634494      -0.7470250164   -1513.8644070971       0.0002313359
       1.9000000000       0.8238490629       0.8238490629   -1514.6882714413      -0.8236330083   -1513.8644223784       0.0002160546
       2.0000000000       0.9026105822       0.9026105822   -1514.7670479893      -0.9024095563   -1513.8644374070       0.0002010259
       2.1000000000       0.9832999689       0.9832999689   -1514.8477521983      -0.9831137654   -1513.8644522295       0.0001862035
       2.2000000000       1.0656827428       1.0656827428   -1514.9301493526      -1.0655109197   -1513.8644666098       0.0001718231
       2.3000000000       1.1495318799       1.1495318799   -1515.0140123051      -1.1493738721   -1513.8644804252       0.0001580077
       2.4000000000       1.2346290896       1.2346290896   -1515.0991226966      -1.2344842637   -1513.8644936070       0.0001448260
       2.5000000000       1.3207658291       1.3207658291   -1515.1852720061      -1.3206335732   -1513.8645061771       0.0001322559
       2.6000000000       1.4077443489       1.4077443489   -1515.2722623991      -1.4076239661   -1513.8645180502       0.0001203828
       2.7000000000       1.4953782824       1.4953782824   -1515.3599074083      -1.4952689753   -1513.8645291258       0.0001093071
       2.8000000000       1.5834929020       1.5834929020   -1515.4480323800      -1.5833939471   -1513.8645394780       0.0000989550
       2.9000000000       1.6719256698       1.6719256698   -1515.5364747426      -1.6718363096   -1513.8645490728       0.0000893602
       3.0000000000       1.7605261797       1.7605261797   -1515.6250840825      -1.7604456495   -1513.8645579028       0.0000805302
       3.1000000000       1.8491560154       1.8491560154   -1515.7137220179      -1.8490835849   -1513.8645660025       0.0000724304
       3.2000000000       1.9376885154       1.9376885154   -1515.8022619068      -1.9376234738   -1513.8645733914       0.0000650415
       3.3000000000       2.0260082337       2.0260082337   -1515.8905883799      -2.0259499470   -1513.8645801463       0.0000582867
       3.4000000000       2.1140104167       2.1140104167   -1515.9785967279      -2.1139582950   -1513.8645863112       0.0000521217
       3.5000000000       2.2016002327       2.2016002327   -1516.0661921574      -2.2015537245   -1513.8645919248       0.0000465082
       3.6000000000       2.2886918709       2.2886918709   -1516.1532889322      -2.2886504992   -1513.8645970613       0.0000413717
       3.7000000000       2.3752076664       2.3752076664   -1516.2398094270      -2.3751709940   -1513.8646017606       0.0000366724
       3.8000000000       2.4610770472       2.4610770472   -1516.3256831187      -2.4610446857   -1513.8646060714       0.0000323615
       3.9000000000       2.5462354389       2.5462354389   -1516.4108455335      -2.5462071006   -1513.8646100946       0.0000283384
       4.0000000000       2.6306232778       2.6306232778   -1516.4952371825      -2.6305987495   -1513.8646139047       0.0000245283
       4.1000000000       2.7141849728       2.7141849728   -1516.5788025111      -2.7141640781   -1513.8646175383       0.0000208947
       4.2000000000       2.7968678289       2.7968678289   -1516.6614888844      -2.7968504514   -1513.8646210555       0.0000173775
       4.3000000000       2.8786211056       2.8786211056   -1516.7432456326      -2.8786071997   -1513.8646245270       0.0000139059
       4.4000000000       2.9593951794       2.9593951794   -1516.8240231833      -2.9593847503   -1513.8646280039       0.0000104291
       4.5000000000       3.0391407825       3.0391407825   -1516.9037722974      -3.0391338644   -1513.8646315149       0.0000069181
       4.6000000000       3.1178083412       3.1178083412   -1516.9824434278      -3.1178049949   -1513.8646350866       0.0000033463
       4.7000000000       3.1953474605       3.1953474605   -1517.0599862152      -3.1953477822   -1513.8646387547      -0.0000003217
       4.8000000000       3.2717066113       3.2717066113   -1517.1363491308      -3.2717106979   -1513.8646425195      -0.0000040866
       4.9000000000       3.3468329049       3.3468329049   -1517.2114792779      -3.3468408449   -1513.8646463730      -0.0000079400
       5.0000000000       3.4206720313       3.4206720313   -1517.2853223482      -3.4206839152   -1513.8646503169      -0.0000118839
       5.1000000000       3.4931684136       3.4931684136   -1517.3578227389      -3.4931843060   -1513.8646543253      -0.0000158923
       5.2000000000       3.5642654515       3.5642654515   -1517.4289238235      -3.5642853905   -1513.8646583719      -0.0000199390
       5.3000000000       3.6339059441       3.6339059441   -1517.4985683645      -3.6339299315   -1513.8646624204      -0.0000239874
       5.4000000000       3.7020326421       3.7020326421   -1517.5666990615      -3.7020606285   -1513.8646664194      -0.0000279864
       5.5000000000       3.7685888938       3.7685888938   -1517.6332592129      -3.7686207800   -1513.8646703191      -0.0000318862
       5.6000000000       3.8335194118       3.8335194118   -1517.6981934767      -3.8335550438   -1513.8646740649      -0.0000356320
       5.7000000000       3.8967711102       3.8967711102   -1517.7614487060      -3.8968102730   -1513.8646775958      -0.0000391628
       5.8000000000       3.9582939896       3.9582939896   -1517.8229748383      -3.9583364053   -1513.8646808487      -0.0000424157
       5.9000000000       4.0180420492       4.0180420492   -1517.8827258134      -4.0180873804   -1513.8646837642      -0.0000453313
       6.0000000000       4.0759742112       4.0759742112   -1517.9406604936      -4.0760220607   -1513.8646862824      -0.0000478494
       6.1000000000       4.1320552163       4.1320552163   -1517.9967435628      -4.1321051299   -1513.8646883465      -0.0000499136
       6.2000000000       4.1862564731       4.1862564731   -1518.0509463789      -4.1863079459   -1513.8646899058      -0.0000514728
       6.3000000000       4.2385568404       4.2385568404   -1518.1032477558      -4.2386093228   -1513.8646909154      -0.0000524824
       6.4000000000       4.2889433212       4.2889433212   -1518.1536346549      -4.2889962219   -1513.8646913337      -0.0000529007
       6.5000000000       4.3374116356       4.3374116356   -1518.2021027641      -4.3374643312   -1513.8646911285      -0.0000526955
       6.6000000000       4.3839666620       4.3839666620   -1518.2486569500      -4.3840185171   -1513.8646902880      -0.0000518550
       6.7000000000       4.4286227679       4.4286227679   -1518.2933115672      -4.4286731342   -1513.8646887993      -0.0000503663
       6.8000000000       4.4714039591       4.4714039591   -1518.3360906153      -4.4714521823   -1513.8646866561      -0.0000482231
       6.9000000000       4.5123438591       4.5123438591   -1518.3770277354      -4.5123893024   -1513.8646838762      -0.0000454433
       7.0000000000       4.5514855572       4.5514855572   -1518.4161660422      -4.5515276092   -1513.8646804849      -0.0000420520
       7.1000000000       4.5888812757       4.5888812757   -1518.4535577909      -4.5889193579   -1513.8646765152      -0.0000380822
       7.2000000000       4.6245918770       4.6245918770   -1518.4892638826      -4.6246254497   -1513.8646720056      -0.0000335726
       7.3000000000       4.6586862031       4.6586862031   -1518.5233532126      -4.6587147796   -1513.8646670095      -0.0000285766
       7.4000000000       4.6912402805       4.6912402805   -1518.5559018715      -4.6912634385   -1513.8646615910      -0.0000231580
       7.5000000000       4.7223363980       4.7223363980   -1518.5869922118      -4.7223537788   -1513.8646558138      -0.0000173808
       7.6000000000       4.7520620417       4.7520620417   -1518.6167117927      -4.7520733597   -1513.8646497510      -0.0000113180
       7.7000000000       4.7805087329       4.7805087329   -1518.6451522206      -4.7805137876   -1513.8646434877      -0.0000050548
       7.8000000000       4.8077707980       4.8077707980   -1518.6724079048      -4.8077694718   -1513.8646371068       0.0000013262
       7.9000000000       4.8339440542       4.8339440542   -1518.6985747468      -4.8339363138   -1513.8646306926       0.0000077404
       8.0000000000       4.8591244537       4.8591244537   -1518.7237487858      -4.8591103529   -1513.8646243322       0.0000141008
       8.1000000000       4.8834067117       4.8834067117   -1518.7480248227      -4.8833863897   -1513.8646181109       0.0000203220
       8.2000000000       4.9068829305       4.9068829305   -1518.7714950439      -4.9068566109   -1513.8646121134       0.0000263195
       8.3000000000       4.9296412447       4.9296412447   -1518.7942476702      -4.9296092372   -1513.8646064255       0.0000320074
       8.4000000000       4.9517645258       4.9517645258   -1518.8163656504      -4.9517272174   -1513.8646011246       0.0000373084
       8.5000000000       4.9733291460       4.9733291460   -1518.8379254237      -4.9732869908   -1513.8645962777       0.0000421553
       8.6000000000       4.9944038190       4.9944038190   -1518.8589957708      -4.9943573378   -1513.8645919518       0.0000464812
       8.7000000000       5.0150485700       5.0150485700   -1518.8796367729      -5.0149983399   -1513.8645882029       0.0000502301
       8.8000000000       5.0353138206       5.0353138206   -1518.8998988971      -5.0352604642   -1513.8645850765       0.0000533565
       8.9000000000       5.0552396093       5.0552396093   -1518.9198222237      -5.0551837907   -1513.8645826144       0.0000558186
       9.0000000000       5.0748549857       5.0748549857   -1518.9394358283      -5.0747973953   -1513.8645808426       0.0000575904
       9.1000000000       5.0941775536       5.0941775536   -1518.9587573304      -5.0941188974   -1513.8645797768       0.0000586562
       9.2000000000       5.1132131901       5.1132131901   -1518.9777926160      -5.1131541830   -1513.8645794258       0.0000590071
       9.3000000000       5.1319559572       5.1319559572   -1518.9965357393      -5.1318973064   -1513.8645797821       0.0000586509
       9.4000000000       5.1503881756       5.1503881756   -1519.0149690056      -5.1503305727   -1513.8645808300       0.0000576030
       9.5000000000       5.1684806936       5.1684806936   -1519.0330632332      -5.1684248003   -1513.8645825396       0.0000558933
       9.6000000000       5.1861933193       5.1861933193   -1519.0507781906      -5.1861397576   -1513.8645848713       0.0000535617
       9.7000000000       5.2034754218       5.2034754218   -1519.0680632001      -5.2034247671   -1513.8645877783       0.0000506547
       9.8000000000       5.2202666938       5.2202666938   -1519.0848578969      -5.2202194640   -1513.8645912031       0.0000472298
       9.9000000000       5.2364980489       5.2364980489   -1519.1010931291      -5.2364546961   -1513.8645950802       0.0000433528
      10.0000000000       5.2520926415       5.2520926415   -1519.1166919811      -5.2520535482   -1513.8645993397       0.0000390933
