FINAL HEAT OF FORMATION =     -1513.8646384330  time =       0.0000000000
  6        3.4996821041       2.1113558102      -4.1386823550
  6       -1.7063875095      -1.0861411610       0.7183229034
  7       -0.9814846402       4.0585324692      -0.1867960995
  1        0.0142040713      -1.3588252106       0.8947094534
  1        0.5286140770      -0.1783532437       0.6472819500
  6       -1.3161977481       0.8932290738       1.7391404272
  8        2.0622253398       0.1819486730      -0.9882721859
  7       -6.3820840364      -3.8995717215      -0.3911468625
  6        8.8735041874       3.9628963577       4.5719875637
  7       -1.0552394061      -2.6158566433      -0.8395395152
  1        1.0324530002       0.3641771225      -0.2919130802
  1       -0.5954216382       0.0955084372      -0.8437376733
  1       -3.9738678013      -2.5288999634      -0.8913545262
FINAL HEAT OF FORMATION =     -1513.8646716248  time =       0.1000000000
  6        3.5033770223       2.1077710937      -4.1393306205
  6       -1.7113861208      -1.0876857193       0.7171819210
  7       -0.9825655694       4.0571615001      -0.1856785801
  1        0.0147482973      -1.3584161829       0.8939586271
  1        0.5283469904      -0.1784702564       0.6461515700
  6       -1.3146273812       0.8932900348       1.7382658450
  8        2.0607471694       0.1817880060      -0.9875247269
  7       -6.3806699302      -3.8985184272      -0.3909889994
  6        8.8717248659       3.9617446710       4.5712958663
  7       -1.0541298288      -2.6151143979      -0.8406877878
  1        1.0304653686       0.3634743106      -0.2914595310
  1       -0.5943952748       0.0958652087      -0.8424268205
  1       -3.9716356086      -2.5228898413      -0.8887567633
FINAL HEAT OF FORMATION =     -1513.8647065242  time =       0.2000000000
  6        3.5150054050       2.0955038593      -4.1412353724
  6       -1.7268810311      -1.0907901427       0.7136831783
  7       -0.9858687431       4.0530529111      -0.1823561506
  1        0.0163919609      -1.3572090114       0.8917248551
  1        0.5275461195      -0.1788168553       0.6427603532
  6       -1.3099083462       0.8935013467       1.7356545223
  8        2.0563155303       0.1813037729      -0.9852842862
  7       -6.3764112994      -3.8953704422      -0.3905170871
  6        8.8663775148       3.9583057170       4.5692630462
  7       -1.0508015569      -2.6128746491      -0.8441135648
  1        1.0245083200       0.3613665454      -0.2901011762
  1       -0.5913205188       0.0969293681      -0.8384992223
  1       -3.9649533550      -2.5049024197      -0.8809790955
FINAL HEAT OF FORMATION =     -1513.8641833932  time =       0.3000000000
  6        5.0891750059      -6.5024682154      -4.0017429486
  6       -3.3081730493       7.4822371392       0.5615204799
  7       -0.9903738638       4.0462844000      -0.1770699107
  1        0.0194536738      -1.3554761840       0.8889538234
  1        0.5259200428      -0.1794582649       0.6371561185
  6       -1.3027679033       0.8945035814       1.7315468392
  8        2.0492021067       0.1804251379      -0.9816390989
  7       -6.3689394416      -3.8898359325      -0.3900906460
  6        8.8572323751       3.9510140137       4.5684943455
  7       -1.0453895403      -2.6081987148      -0.8495544064
  1        1.0146984353       0.3578521779      -0.2878740313
  1       -0.5862683083       0.0987954680      -0.8320621803
  1       -3.9537695329      -2.4756746067      -0.8676383845
FINAL HEAT OF FORMATION =     -1513.8641973178  time =       0.4000000000
  6        4.4806550319      -6.2945266359      -4.1371895190
  6       -2.7088286227       7.2415138259       0.6816479576
  7       -0.9969318970       4.0365636353      -0.1697187866
  1        0.0233541586      -1.3526852936       0.8846786288
  1        0.5238589518      -0.1803590410       0.6292968080
  6       -1.2926100714       0.8954734714       1.7257685530
  8        2.0390813571       0.1792080049      -0.9765094404
  7       -6.3586564067      -3.8822734947      -0.3894975524
  6        8.8444173958       3.9411663479       4.5664928994
  7       -1.0377622290      -2.6019753436      -0.8572432213
  1        1.0009346909       0.3529339703      -0.2847406606
  1       -0.5791831834       0.1013519584      -0.8230153652
  1       -3.9383291757      -2.4363914053      -0.8499703013
FINAL HEAT OF FORMATION =     -1513.8642293565  time =       0.5000000000
  6        4.5906870678      -6.5187565248      -4.2238566476
  6       -2.8303913258       7.4255779925       0.7488843927
  7       -1.0052003301       4.0239235704      -0.1604053397
  1        0.0283199717      -1.3489648234       0.8792760164
  1        0.5212418723      -0.1815425410       0.6192185353
  6       -1.2797791076       0.8966825478       1.7184503225
  8        2.0260884437       0.1776269007      -0.9699376440
  7       -6.3453851649      -3.8725366647      -0.3889139322
  6        8.8278567105       3.9280763406       4.5644094673
  7       -1.0279954203      -2.5938276584      -0.8670580236
  1        0.9832967820       0.3466190219      -0.2807238226
  1       -0.5701118961       0.1046459330      -0.8114269139
  1       -3.9186276033      -2.3875240946      -0.8279164108
FINAL HEAT OF FORMATION =     -1513.8642353402  time =       0.6000000000
  6        4.6683602957      -6.4642051987      -4.1795761661
  6       -2.9220201068       7.3237834322       0.6812252380
  7       -1.0150887499       4.0083909560      -0.1492020143
  1        0.0343131876      -1.3443146949       0.8727739940
  1        0.5180803746      -0.1830104690       0.6069371703
  6       -1.2643029725       0.8981348705       1.7096088509
  8        2.0102464475       0.1756830947      -0.9619364105
  7       -6.3290918551      -3.8606246591      -0.3883665389
  6        8.8075054006       3.9116887525       4.5622860831
  7       -1.0161019688      -2.5837312716      -0.8789676302
  1        0.9618164856       0.3389144769      -0.2758282174
  1       -0.5590774153       0.1086694674      -0.7973206229
  1       -3.8946391232      -2.3293787570      -0.8016337361
FINAL HEAT OF FORMATION =     -1513.8642527053  time =       0.7000000000
  6        4.6366178994      -6.5184904967      -4.1676621558
  6       -2.9067543430       7.3239822829       0.6422273024
  7       -1.0265096417       3.9900019493      -0.1361632549
  1        0.0412999586      -1.3387308797       0.8651763597
  1        0.5143836652      -0.1847628572       0.5924807178
  6       -1.2461957883       0.8998159373       1.6992434366
  8        1.9915792260       0.1733790933      -0.9525186915
  7       -6.3097586001      -3.8465266563      -0.3878625510
  6        8.7833335698       3.8920088716       4.5600939540
  7       -1.0020928265      -2.5716937015      -0.8929286830
  1        0.9365363824       0.3298358964      -0.2700643442
  1       -0.5461075714       0.1134128487      -0.7807283893
  1       -3.8663319304      -2.2622322879      -0.7712937009
FINAL HEAT OF FORMATION =     -1513.8642661478  time =       0.8000000000
  6        4.6249477297      -6.6016222533      -4.1870903740
  6       -2.9141668900       7.3465231125       0.6310897103
  7       -1.0393958352       3.9687939521      -0.1213646108
  1        0.0492708254      -1.3322157411       0.8564935303
  1        0.5101657312      -0.1867972390       0.5758809041
  6       -1.2254972770       0.9017194040       1.6873788393
  8        1.9701228098       0.1707222745      -0.9417012476
  7       -6.2873480431      -3.8302405070      -0.3874241514
  6        8.7553134627       3.8690291451       4.5578582597
  7       -0.9859929362      -2.5577323850      -0.9088991311
  1        0.9075112377       0.3193983760      -0.2634444645
  1       -0.5312381273       0.1188723318      -0.7616907824
  1       -3.8336926877      -2.1864504707      -0.7370864819
FINAL HEAT OF FORMATION =     -1513.8642741878  time =       0.9000000000
  6        4.5972347182      -6.6551205764      -4.1901861252
  6       -2.9082367448       7.3333028130       0.6004089421
  7       -1.0536606903       3.9448087668      -0.1048913383
  1        0.0582036570      -1.3247681820       0.8467372508
  1        0.5054425751      -0.1891115460       0.5571741029
  6       -1.2022464873       0.9038374706       1.6740346656
  8        1.9459149243       0.1677182357      -0.9295014358
  7       -6.2618203476      -3.8117615251      -0.3870756693
  6        8.7234063901       3.8427334559       4.5555939590
  7       -0.9678278854      -2.5418588301      -0.9268264360
  1        0.8748044202       0.3076205493      -0.2559829193
  1       -0.5145100985       0.1250397741      -0.7402542077
  1       -3.7967044313      -2.1024404058      -0.6992307886
FINAL HEAT OF FORMATION =     -1513.8642872781  time =       1.0000000000
  6        4.5718748929      -6.7229642227      -4.1900285286
  6       -2.9074639833       7.3286988318       0.5635611480
  7       -1.0692095440       3.9180953735      -0.0868377841
  1        0.0680788561      -1.3163878056       0.8359177766
  1        0.5002318197      -0.1917033123       0.5364028530
  6       -1.1764870758       0.9061578146       1.6592340915
  8        1.9189983806       0.1643741649      -0.9159407677
  7       -6.2331315434      -3.7910823814      -0.3868432774
  6        8.6875699274       3.8131080764       4.5533116459
  7       -0.9476274325      -2.5240880923      -0.9466486572
  1        0.8384888208       0.2945241853      -0.2476963528
  1       -0.4959701423       0.1319056773      -0.7164717197
  1       -3.7553529764      -2.0106383094      -0.6579604275
FINAL HEAT OF FORMATION =     -1513.8643009024  time =       1.1000000000
  6        4.5427875079      -6.7947148761      -4.1964501207
  6       -2.9058748883       7.3227034960       0.5306958446
  7       -1.0859375523       3.8887084992      -0.0673071456
  1        0.0788739978      -1.3070742106       0.8240469571
  1        0.4945534766      -0.1945696382       0.5136156054
  6       -1.1482687450       0.9086674737       1.6430008127
  8        1.8894206635       0.1606981002      -0.9010417088
  7       -6.2012324538      -3.7681960201      -0.3867565361
  6        8.6477573706       3.7801368951       4.5510251621
  7       -0.9254276181      -2.5044381253      -0.9682960957
  1        0.7986492647       0.2801347396      -0.2386041709
  1       -0.4756711376       0.1394595253      -0.6904031400
  1       -3.7096298862      -1.9115158587      -0.6135254640
FINAL HEAT OF FORMATION =     -1513.8643148713  time =       1.2000000000
  6        4.5099234791      -6.8697554143      -4.1995891680
  6       -2.9035261164       7.3151551643       0.4922863610
  7       -1.1037316439       3.8567092329      -0.0464133665
  1        0.0905643536      -1.2968272052       0.8111384058
  1        0.4884297942      -0.1977067459       0.4888665774
  6       -1.1176456356       0.9113532560       1.6253602348
  8        1.8572341753       0.1566987784      -0.8848280819
  7       -6.1660690545      -3.7430956805      -0.3868473559
  6        8.6039169656       3.7438031342       4.5487496827
  7       -0.9012687032      -2.4829283500      -0.9916895145
  1        0.7553809729       0.2644806099      -0.2287285876
  1       -0.4536729448       0.1476890996      -0.6621160740
  1       -3.6595356423      -1.8055758793      -0.5661891134
FINAL HEAT OF FORMATION =     -1513.8643297391  time =       1.3000000000
  6        4.4734402165      -6.9485776777      -4.2027657887
  6       -2.9006801174       7.3070222975       0.4520043468
  7       -1.1224702750       3.8221652021      -0.0242790366
  1        0.1031237893      -1.2856465958       0.7972060421
  1        0.4818847286      -0.2011103759       0.4622168179
  6       -1.0846757457       0.9141984219       1.6063429475
  8        1.8224952854       0.1523851996      -0.8673286205
  7       -6.1275832994      -3.7157718324      -0.3871518821
  6        8.5559925918       3.7040875416       4.5465003549
  7       -0.8751974976      -2.4595813954      -1.0167397448
  1        0.7087922016       0.2475944474      -0.2180949219
  1       -0.4300418286       0.1565809618      -0.6316854304
  1       -3.6050800494      -1.6933461944      -0.5162250842
FINAL HEAT OF FORMATION =     -1513.8643449915  time =       1.4000000000
  6        4.4327080184      -7.0316288650      -4.2031184408
  6       -2.8968073291       7.2992448956       0.4073500524
  7       -1.1420237946       3.7851500316      -0.0010356533
  1        0.1165242334      -1.2735326806       0.7822655188
  1        0.4749447218      -0.2047758183       0.4337337418
  6       -1.0494224707       0.9171873652       1.5859771860
  8        1.7852646330       0.1477679969      -0.8485708189
  7       -6.0857123252      -3.6862170294      -0.3877077681
  6        8.5039237927       3.6609706680       4.5442944359
  7       -0.8472666373      -2.4344223144      -1.0433475390
  1        0.6590036898       0.2295127801      -0.2067316942
  1       -0.4048512199       0.1661199023      -0.5991941689
  1       -3.5462853123      -1.5753769320      -0.4639148514
FINAL HEAT OF FORMATION =     -1513.8643603897  time =       1.5000000000
  6        4.3896692734      -7.1163619699      -4.2015550363
  6       -2.8939431722       7.2897827348       0.3596004330
  7       -1.1622566882       3.7457441824       0.0231780408
  1        0.1307363839      -1.2604861881       0.7663335764
  1        0.4676381107      -0.2086976716       0.4034915992
  6       -1.0119542058       0.9203006357       1.5642956139
  8        1.7456081096       0.1428580720      -0.8285864981
  7       -6.0403891453      -3.6544217874      -0.3885567335
  6        8.4476461915       3.6144315008       4.5421512045
  7       -0.8175358586      -2.4074791236      -1.0714030223
  1        0.6061500686       0.2102761578      -0.1946709534
  1       -0.3781817735       0.1762892525      -0.5647333197
  1       -3.4831872942      -1.4522357954      -0.4095449047
FINAL HEAT OF FORMATION =     -1513.8643759222  time =       1.6000000000
  6        4.3420711133      -7.2034103722      -4.1976654996
  6       -2.8899197630       7.2797812880       0.3087208746
  7       -1.1830250681       3.7040342988       0.0482145532
  1        0.1457290302      -1.2465080672       0.7494280565
  1        0.4599950314      -0.2128694692       0.3715717789
  6       -0.9723435364       0.9235195160       1.5413304943
  8        1.7035948838       0.1376674899      -0.8074076803
  7       -5.9915431478      -3.6203778802      -0.3897428034
  6        8.3870916274       3.5644495107       4.5400907336
  7       -0.7860728735      -2.3787837238      -1.1007859122
  1        0.5503804654       0.1899298254      -0.1819486457
  1       -0.3501211319       0.1870706587      -0.5284017475
  1       -3.4158366309      -1.3245030750      -0.3534042026
FINAL HEAT OF FORMATION =     -1513.8643915447  time =       1.7000000000
  6        4.2905372579      -7.2921551899      -4.1909063695
  6       -2.8854344514       7.2691395214       0.2545436324
  7       -1.2041809718       3.6601132667       0.0739191810
  1        0.1614698282      -1.2315998379       0.7315680908
  1        0.4520478167      -0.2172843681       0.3380633131
  6       -0.9306672872       0.9268222678       1.5171174974
  8        1.6592983032       0.1322083687      -0.7850694610
  7       -5.9390992693      -3.5840754133      -0.3913135291
  6        8.3221880196       3.5110020171       4.5381346592
  7       -0.7529523289      -2.3483701570      -1.1313632342
  1        0.4918584118       0.1685235635      -0.1686044129
  1       -0.3207650758       0.1984439293      -0.4903074780
  1       -3.3443002529      -1.1927679684      -0.2957818892
FINAL HEAT OF FORMATION =     -1513.8644070971  time =       1.8000000000
  6        4.2351814136      -7.3816906898      -4.1812230336
  6       -2.8806626666       7.2574680754       0.1973885890
  7       -1.2255707542       3.6140798043       0.1001299692
  1        0.1779247825      -1.2157636040       0.7127741348
  1        0.4438301795      -0.2219345254       0.3030629359
  6       -0.8870067933       0.9301874142       1.4916922595
  8        1.6127957121       0.1264939922      -0.7616076871
  7       -5.8829795613      -3.5455055194      -0.3933187163
  6        8.2528608818       3.4540667677       4.5363064114
  7       -0.7182580086      -2.3162767047      -1.1629917021
  1        0.4307630295       0.1461118884      -0.1546820811
  1       -0.2902163156       0.2103871393      -0.4505663493
  1       -3.2686618991      -1.0576240381      -0.2369647303
FINAL HEAT OF FORMATION =     -1513.8644223784  time =       1.9000000000
  6        4.1756267484      -7.4718116405      -4.1682753134
  6       -2.8752755448       7.2450744177       0.1372858343
  7       -1.2470370860       3.5660378188       0.1266804235
  1        0.1950587942      -1.1990022044       0.6930678988
  1        0.4353783445      -0.2268110622       0.2666738739
  6       -0.8414481307       0.9335910240       1.4650913203
  8        1.5641684685       0.1205380666      -0.7370601836
  7       -5.8231024784      -3.5046590146      -0.3958114316
  6        8.1790315569       3.3936213732       4.5346310689
  7       -0.6820813407      -2.2825442896      -1.1955149581
  1        0.3672895781       0.1227543489      -0.1402298959
  1       -0.2585860350       0.2228762690      -0.4093035422
  1       -3.1890228749      -0.9196651072      -0.1772350948
FINAL HEAT OF FORMATION =     -1513.8644374070  time =       2.0000000000
  6        4.1117628209      -7.5616260098      -4.1517629095
  6       -2.8691952441       7.2315705157       0.0742978497
  7       -1.2684196165       3.5160974967       0.1533958782
  1        0.2128352590      -1.1813189122       0.6724724604
  1        0.4267290088      -0.2319049308       0.2290089938
  6       -0.7940801350       0.9370081608       1.4373526298
  8        1.5134997993       0.1143554416      -0.7114663205
  7       -5.7593836296      -3.4615265676      -0.3988471864
  6        8.1006200503       3.3296430946       4.5331352485
  7       -0.6445237837      -2.2472185313      -1.2287648277
  1        0.3016496120       0.0985156552      -0.1253004824
  1       -0.2259923595       0.2358856259      -0.3666524357
  1       -3.1055017820      -0.7794810388      -0.1168688981
FINAL HEAT OF FORMATION =     -1513.8644522295  time =       2.1000000000
  6        4.0437942648      -7.6508701694      -4.1312239603
  6       -2.8626437754       7.2171858214       0.0083162437
  7       -1.2895561285       3.4643721651       0.1800971097
  1        0.2312167260      -1.1627179990       0.6510121331
  1        0.4179213902      -0.2372052610       0.1901880968
  6       -0.7449970081       0.9404129866       1.4085156570
  8        1.4608782619       0.1079613101      -0.6848670724
  7       -5.6917362770      -3.4160998865      -0.4024849165
  6        8.0175433066       3.2621100825       4.5318477095
  7       -0.6056952691      -2.2103475965      -1.2625607893
  1        0.2340709235       0.0734654224      -0.1099509903
  1       -0.1925616693       0.2493872759      -0.3227552305
  1       -3.0182347457      -0.6376541517      -0.0561339906
FINAL HEAT OF FORMATION =     -1513.8644666098  time =       2.2000000000
  6        3.9714928635      -7.7390116653      -4.1066010290
  6       -2.8553931788       7.2018668380      -0.0603749442
  7       -1.3102836229       3.4109803826       0.2066005340
  1        0.2501644050      -1.1432044420       0.6287125358
  1        0.4089955121      -0.2427014061       0.1503391553
  6       -0.6942954274       0.9437786677       1.3786193342
  8        1.4063940537       0.1013709507      -0.6573042945
  7       -5.6200711835      -3.3683707734      -0.4067852952
  6        7.9297163840       3.1910003191       4.5307986021
  7       -0.5657156237      -2.1719836063      -1.2967106757
  1        0.1647976942       0.0476785766      -0.0942432417
  1       -0.1584274603       0.2633513188      -0.2777624151
  1       -2.9273744158      -0.4947551604       0.0047117339
FINAL HEAT OF FORMATION =     -1513.8644804252  time =       2.3000000000
  6        3.8949798853      -7.8254428502      -4.0775038173
  6       -2.8475490037       7.1854671280      -0.1318379432
  7       -1.3304390540       3.3560428134       0.2327178583
  1        0.2696385706      -1.1227841024       0.6056007216
  1        0.3999920286      -0.2483807020       0.1095978792
  6       -0.6420766319       0.9470773259       1.3477040781
  8        1.3501411686       0.0946005532      -0.6288213346
  7       -5.5442973483      -3.3183315313      -0.4118122590
  6        7.8370534666       3.1162932341       4.5300198153
  7       -0.5247138635      -2.1321825052      -1.3310094387
  1        0.0940908556       0.0212351496      -0.0782436718
  1       -0.1237308231       0.2777456807      -0.2318332035
  1       -2.8330892508      -0.3513401938       0.0654213155
FINAL HEAT OF FORMATION =     -1513.8644936070  time =       2.4000000000
  6        3.8141267726      -7.9097261185      -4.0438345161
  6       -2.8389496762       7.1679910221      -0.2058584752
  7       -1.3498617726       3.2996830228       0.2582566268
  1        0.2895986284      -1.1014638082       0.5817050077
  1        0.3909532227      -0.2542304263       0.0681083576
  6       -0.5884441530       0.9502799543       1.3158109136
  8        1.2922156412       0.0876671749      -0.5994624246
  7       -5.4643224061      -3.2659753053      -0.4176323607
  6        7.7394673568       3.0379686873       4.5295452082
  7       -0.4828289546      -2.0910032248      -1.3652405650
  1        0.0222273366      -0.0057798351      -0.0620233256
  1       -0.0886197817       0.2925362363      -0.1851344158
  1       -2.7355622141      -0.2079473795       0.1257599691
FINAL HEAT OF FORMATION =     -1513.8645061771  time =       2.5000000000
  6        3.7289974717      -7.9913455293      -4.0051954473
  6       -2.8296094801       7.1493431086      -0.2825384406
  7       -1.3683935265       3.2420262306       0.2830224650
  1        0.3100031438      -1.0792513108       0.5570549035
  1        0.3819220578      -0.2602366482       0.0260212927
  6       -0.5335050313       0.9533570120       1.2829804490
  8        1.2327153049       0.0805871663      -0.5692726734
  7       -5.3800531035      -3.2112961623      -0.4243142158
  6        7.6368705386       2.9560082648       4.5294104236
  7       -0.4402084617      -2.0485082928      -1.3991763259
  1       -0.0505004407      -0.0332764432      -0.0456578153
  1       -0.0532490423       0.3076866173      -0.1378408689
  1       -2.6349894309      -0.0650940131       0.1855062535
FINAL HEAT OF FORMATION =     -1513.8645180502  time =       2.6000000000
  6        3.6396286447      -8.0699642693      -3.9615921388
  6       -2.8194995831       7.1295831692      -0.3615949868
  7       -1.3858794139       3.1831973573       0.3068179764
  1        0.3308099739      -1.0561553783       0.5316813845
  1        0.3729411595      -0.2663839673      -0.0165046590
  6       -0.4773695688       0.9562788366       1.2492548835
  8        1.1717415331       0.0733780015      -0.5382992452
  7       -5.2913951443      -3.1542896117      -0.4319290525
  6        7.5291758428       2.8703947947       4.5296527720
  7       -0.3970102886      -2.0047627629      -1.4325785092
  1       -0.1237852665      -0.0611603130      -0.0292269646
  1       -0.0177794000       0.3231584684      -0.0901338766
  1       -2.5315784888       0.0767256749       0.2444524163
FINAL HEAT OF FORMATION =     -1513.8645291258  time =       2.7000000000
  6        3.5460457113      -8.1450533171      -3.9127462559
  6       -2.8085636625       7.1085550459      -0.4430476466
  7       -1.4021701062       3.1233221245       0.3294435089
  1        0.3519762146      -1.0321859849       0.5056165393
  1        0.3640539969      -0.2726573425      -0.0593036906
  6       -0.4201505002       0.9590144767       1.2146765851
  8        1.1093969370       0.0660573605      -0.5065892656
  7       -5.1982553817      -3.0949521914      -0.4405499912
  6        7.4162964268       2.7811134675       4.5303108465
  7       -0.3533999235      -1.9598352043      -1.4651987161
  1       -0.1973059902      -0.0893326031      -0.0128149611
  1        0.0176226012       0.3389110501      -0.0422018820
  1       -2.4255463233       0.2170431181       0.3024049293
FINAL HEAT OF FORMATION =     -1513.8645394780  time =       2.8000000000
  6        3.4482774378      -8.2162516133      -3.8585635673
  6       -2.7967338649       7.0862437767      -0.5267516130
  7       -1.4171239284       3.0625236249       0.3506997173
  1        0.3734585177      -1.0073540417       0.4788936960
  1        0.3553038324      -0.2790392875      -0.1022045899
  6       -0.3619621562       0.9615329919       1.1792868460
  8        1.0457854946       0.0586429714      -0.4741903750
  7       -5.1005404114      -3.0332816383      -0.4502522053
  6        7.2981473753       2.6881512998       4.5314251160
  7       -0.3095515435      -1.9137962290      -1.4967791833
  1       -0.2707287532      -0.1176904674       0.0034904151
  1        0.0527855013       0.3549016419       0.0057608096
  1       -2.3171175014       0.3554169707       0.3591849338
FINAL HEAT OF FORMATION =     -1513.8645490728  time =       2.9000000000
  6        3.3464632239      -8.2832282740      -3.7988654356
  6       -2.7840390953       7.0626390993      -0.6126665735
  7       -1.4306046543       3.0009236536       0.3703864770
  1        0.3952130556      -0.9816715483       0.4515474199
  1        0.3467333440      -0.2855124723      -0.1450297868
  6       -0.3029221007       0.9638035188       1.1431292783
  8        0.9810130237       0.0511523810      -0.4411514762
  7       -4.9981585644      -2.9692780377      -0.4611136699
  6        7.1746454928       2.5914980650       4.5330378935
  7       -0.2656468352      -1.8667187778      -1.5270560141
  1       -0.3437087450      -0.1461279195       0.0195978669
  1        0.0875340342       0.3710857457       0.0535558906
  1       -2.2065221794       0.4914345662       0.4146281298
FINAL HEAT OF FORMATION =     -1513.8645579028  time =       3.0000000000
  6        3.2406317958      -8.3455874940      -3.7336173087
  6       -2.7703837198       7.0376391861      -0.7006280871
  7       -1.4424862691       2.9386398497       0.3883033264
  1        0.4171956522      -0.9551517259       0.4236132320
  1        0.3383847311      -0.2920580180      -0.1875959887
  6       -0.2431489614       0.9657942677       1.1062462413
  8        0.9151862193       0.0436037730      -0.4075216307
  7       -4.8910196870      -2.9029431001      -0.4732128449
  6        7.0457104506       2.4911464038       4.5351919180
  7       -0.2218732602      -1.8186769966      -1.5557568149
  1       -0.4158921962      -0.1745358940       0.0354132497
  1        0.1216890890       0.3874163605       0.1009797783
  1       -2.0939938443       0.6247133877       0.4685849293
FINAL HEAT OF FORMATION =     -1513.8645660025  time =       3.1000000000
  6        3.1309318809      -8.4030517380      -3.6626789548
  6       -2.7557799758       7.0112329649      -0.7905978112
  7       -1.4526505954       2.8757862598       0.4042532664
  1        0.4393618271      -0.9278090267       0.3951280387
  1        0.3302986820      -0.2986560939      -0.2297168373
  6       -0.1827634479       0.9674748096       1.0686806187
  8        0.8484129204       0.0360148045      -0.3733506775
  7       -4.7790362387      -2.8342805809      -0.4866305900
  6        6.9112649150       2.3870920121       4.5379322753
  7       -0.1784252568      -1.7697466834      -1.5826064175
  1       -0.4869170596      -0.2028030424       0.0508398585
  1        0.1550698767       0.4038450603       0.1478269607
  1       -1.9797675279       0.7549012542       0.5209202700
FINAL HEAT OF FORMATION =     -1513.8645733914  time =       3.2000000000
  6        3.0174390062      -8.4553109527      -3.5860453416
  6       -2.7401553542       6.9833515823      -0.8824227322
  7       -1.4609916379       2.8124718234       0.4180411457
  1        0.4616670948      -0.8996589103       0.3661295043
  1        0.3225154366      -0.3052861042      -0.2712018738
  6       -0.1218865426       0.9688140024       1.0304755227
  8        0.7808013134       0.0284032327      -0.3386885794
  7       -4.6621249687      -2.7632969015      -0.5014486195
  6        6.7712369916       2.2793338896       4.5413044205
  7       -0.1355004295      -1.7200036968      -1.6073251459
  1       -0.5564170287      -0.2308165059       0.0657794725
  1        0.1874937616       0.4203213901       0.1938892229
  1       -1.8640776425       0.8816771508       0.5715130038
FINAL HEAT OF FORMATION =     -1513.8645801463  time =       3.3000000000
  6        2.9002768756      -8.5021136300      -3.5036393866
  6       -2.7234759852       6.9539573140      -0.9760407806
  7       -1.4674135773       2.7487997292       0.4294744915
  1        0.4840667172      -0.8707181767       0.3366563412
  1        0.3150731016      -0.3119267071      -0.3118583904
  6       -0.0606412636       0.9697821541       0.9916742201
  8        0.7124606354       0.0207870379      -0.3035858587
  7       -4.5402054401      -2.6900013594      -0.5177496245
  6        6.6255589530       2.1678754614       4.5453547166
  7       -0.0932998185      -1.6695244351      -1.6296324521
  1       -0.6240227333      -0.2584623879       0.0801325963
  1        0.2187787067       0.4367934960       0.2389583682
  1       -1.7471561715       1.0047515038       0.6202557590
FINAL HEAT OF FORMATION =     -1513.8645863112  time =       3.4000000000
  6        2.7796215916      -8.5432206376      -3.4154830688
  6       -2.7057502017       6.9230008695      -1.0713108178
  7       -1.4718319168       2.6848670691       0.4383658148
  1        0.5065162318      -0.8410046208       0.3067481635
  1        0.3080077604      -0.3185549311      -0.3514920324
  6        0.0008490648       0.9703482853       0.9523200308
  8        0.6434996935       0.0131832492      -0.2680927462
  7       -4.4132028361      -2.6144052043      -0.5356174544
  6        6.4741699024       2.0527239588       4.5501305603
  7       -0.0520265457      -1.6183842932      -1.6492490182
  1       -0.6893648981      -0.2856269596       0.0937996465
  1        0.2487433477       0.4532078397       0.2828265500
  1       -1.6292311940       1.1238653752       0.6670543720
FINAL HEAT OF FORMATION =     -1513.8645919248  time =       3.5000000000
  6        2.6555871511      -8.5784207187      -3.3215695971
  6       -2.6869162184       6.8904348698      -1.1681395335
  7       -1.4741752556       2.6207639037       0.4445342840
  1        0.5289711278      -0.8105373677       0.2764454596
  1        0.3013534395      -0.3251473220      -0.3899090497
  6        0.0624613019       0.9704841082       0.9124563460
  8        0.5740273874       0.0056092651      -0.2322607511
  7       -4.2810478345      -2.5365235992      -0.5551356921
  6        6.3170155240       1.9338914559       4.5556792756
  7       -0.0118830208      -1.5666575557      -1.6658977531
  1       -0.7520774485      -0.3121972547       0.1066815869
  1        0.2772089951       0.4695097655       0.3252882024
  1       -1.5105251490       1.2387904498       0.7118272221
FINAL HEAT OF FORMATION =     -1513.8645970613  time =       3.6000000000
  6        2.5283198752      -8.6075257757      -3.2219585551
  6       -2.6669375703       6.8562126554      -1.2663852029
  7       -1.4743836871       2.5565733681       0.4478039823
  1        0.5513873509      -0.7793366301       0.2457893900
  1        0.2951419757      -0.3316793025      -0.4269158509
  6        0.1240712981       0.9701610759       0.8721266145
  8        0.5041529718      -0.0019183481      -0.1961397391
  7       -4.1436784652      -2.4563748653      -0.5763886577
  6        6.1540496894       1.8113946183       4.5620487708
  7        0.0269289488      -1.5144162431      -1.6793071618
  1       -0.8117993926      -0.3380620373       0.1186807865
  1        0.3040006682       0.4856434914       0.3661410510
  1       -1.3912536629       1.3493279929       0.7545045724
FINAL HEAT OF FORMATION =     -1513.8646017606  time =       3.7000000000
  6        2.3980217509      -8.6303810933      -3.1166592036
  6       -2.6458265410       6.8202976031      -1.3659742510
  7       -1.4724100321       2.4923711095       0.4480088291
  1        0.5737210655      -0.7474237076       0.2148218858
  1        0.2894018425      -0.3381253855      -0.4623223449
  6        0.1855556073       0.9693519187       0.8313743036
  8        0.4339842770      -0.0093828874      -0.1597810435
  7       -4.0010396276      -2.3739810420      -0.5994598489
  6        5.9852353509       1.6852555866       4.5692866646
  7        0.0642116360      -1.4617300526      -1.6892134687
  1       -0.8681796022      -0.3631126622       0.1297022376
  1        0.3289486861       0.5015525992       0.4051882896
  1       -1.2716244133       1.4553080132       0.7950279501
FINAL HEAT OF FORMATION =     -1513.8646060714  time =       3.8000000000
  6        2.2648257483      -8.6468335656      -3.0057755929
  6       -2.6235205723       6.7826343706      -1.4667552382
  7       -1.4682208329       2.4282248035       0.4449901523
  1        0.5959289362      -0.7148211161       0.1835855505
  1        0.2841590649      -0.3444592160      -0.4959407771
  6        0.2467919948       0.9680309061       0.7902436829
  8        0.3636292387      -0.0167688787      -0.1232353641
  7       -3.8530856106      -2.2893678597      -0.6244325998
  6        5.8105454901       1.5555022372       4.5774400519
  7        0.0997722855      -1.4086651152      -1.6953624868
  1       -0.9208788967      -0.3872440997       0.1396542435
  1        0.3518895060       0.5171796917       0.4422389577
  1       -1.1518363521       1.5565878420       0.8333494201
FINAL HEAT OF FORMATION =     -1513.8646100946  time =       3.9000000000
  6        2.1289158685      -8.6567623052      -2.8893658151
  6       -2.6000035973       6.7431791582      -1.5686391031
  7       -1.4617938122       2.3641947768       0.4386002619
  1        0.6179683387      -0.6815524094       0.1521232273
  1        0.2794358329      -0.3506531687      -0.5275893786
  6        0.3076577704       0.9661724576       0.7487777696
  8        0.2931944110      -0.0240601858      -0.0865527676
  7       -3.6997796347      -2.2025658382      -0.6513880173
  6        5.6299641233       1.4221686921       4.5865552760
  7        0.1334247468      -1.3552838452      -1.6975125696
  1       -0.9695730732      -0.4103557008       0.1484494760
  1        0.3726681077       0.5324676555       0.4771108362
  1       -1.0320790820       1.6530507130       0.8694308042
FINAL HEAT OF FORMATION =     -1513.8646139047  time =       4.0000000000
  6        1.9904839705      -8.6600771887      -2.7675542835
  6       -2.5752631707       6.7019000429      -1.6714855864
  7       -1.4531201735       2.3003345779       0.4287041202
  1        0.6397970727      -0.6476422665       0.1204785589
  1        0.2752513348      -0.3566799163      -0.5570932962
  6        0.3680326657       0.9637537532       0.7070208214
  8        0.2227856832      -0.0312423314      -0.0497840533
  7       -3.5410961416      -2.1136089785      -0.6804067176
  6        5.4434873942       1.2852946352       4.5966772468
  7        0.1649920218      -1.3016437883      -1.6954366089
  1       -1.0139568269      -0.4323522258       0.1560062395
  1        0.3911383590       0.5473590599       0.5096307163
  1       -0.9125321891       1.7446046263       0.9032428427
FINAL HEAT OF FORMATION =     -1513.8646175383  time =       4.1000000000
  6        1.8497215821      -8.6566930833      -2.6404624069
  6       -2.5492816214       6.6587537830      -1.7751721337
  7       -1.4422021115       2.2366896220       0.4151770927
  1        0.6613739598      -0.6131162549       0.0886953098
  1        0.2716205925      -0.3625104898      -0.5842842292
  6        0.4277964170       0.9607518336       0.6650164686
  8        0.1525075088      -0.0383004721      -0.0129788305
  7       -3.3770214465      -2.0225360338      -0.7115659812
  6        5.2511255220       1.1449270954       4.6078494762
  7        0.1943065193      -1.2477980986      -1.6889249626
  1       -1.0537460848      -0.4531447275       0.1622489099
  1        0.4071647757       0.5617969907       0.5396365486
  1       -0.7933656130       1.8311798353       0.9347647385
FINAL HEAT OF FORMATION =     -1513.8646210555  time =       4.2000000000
  6        1.7068183107      -8.6465413505      -2.5082217148
  6       -2.5220378816       6.6136968258      -1.8795804753
  7       -1.4290536878       2.1732980500       0.3979104672
  1        0.6826585008      -0.5780011172       0.0568177325
  1        0.2685547913      -0.3681153000      -0.6090040654
  6        0.4868311319       0.9571470665       0.6228086304
  8        0.0824632647      -0.0452216282       0.0238133335
  7       -3.2075542560      -1.9293914129      -0.7449411754
  6        5.0529021678       1.0011204434       4.6201128452
  7        0.2212142158      -1.1937933726      -1.6777868623
  1       -1.0886815598      -0.4726512619       0.1671094538
  1        0.4206240545       0.5757250010       0.5669786372
  1       -0.6747390522       1.9127280566       0.9639831933
FINAL HEAT OF FORMATION =     -1513.8646245270  time =       4.3000000000
  6        1.5619806906      -8.6295758912      -2.3709849311
  6       -2.4935233238       6.5666937381      -1.9845837009
  7       -1.4137013364       2.1101917227       0.3768092434
  1        0.7036110288      -0.5423244787       0.0248902432
  1        0.2660618497      -0.3734644467      -0.6311052190
  6        0.5450212663       0.9529195859       0.5804416405
  8        0.0127542661      -0.0519918597       0.0605427459
  7       -3.0327075091      -1.8342236050      -0.7806030453
  6        4.8488576709       0.8539360863       4.6335061157
  7        0.2455730241      -1.1396710615      -1.6618532941
  1       -1.1185309852      -0.4907976636       0.1705278321
  1        0.4314057866       0.5890879848       0.5915207226
  1       -0.5568024286       1.9892198886       0.9908916470
FINAL HEAT OF FORMATION =     -1513.8646280039  time =       4.4000000000
  6        1.4154090477      -8.6057712485      -2.2289158474
  6       -2.4637210299       6.5177164590      -2.0900571869
  7       -1.3961815322       2.0473967961       0.3517957987
  1        0.7241932101      -0.5061148032      -0.0070427351
  1        0.2641451671      -0.3785277694      -0.6504515495
  6        0.6022534844       0.9480522172       0.5379593633
  8       -0.0565201885      -0.0585995172       0.0971610747
  7       -2.8525100575      -1.7370869916      -0.8186195863
  6        4.6390485373       0.7034431757       4.6480641682
  7        0.2672587236      -1.0854655903      -1.6409786641
  1       -1.1430926958      -0.5075182958       0.1724534415
  1        0.4394135606       0.6018321055       0.6131419246
  1       -0.4396962270       2.0606434625       1.0154897983
FINAL HEAT OF FORMATION =     -1513.8646315149  time =       4.5000000000
  6        1.2673248113      -8.5751083683      -2.0821993294
  6       -2.4326332078       6.4667313371      -2.1958662586
  7       -1.3765400624       1.9849332542       0.3228088579
  1        0.7443675778      -0.4694015068      -0.0389366266
  1        0.2628034408      -0.3832753381      -0.6669205588
  6        0.6584155035       0.9425290139       0.4954054864
  8       -0.1252614616      -0.0650322001       0.1336203708
  7       -2.6670056386      -1.6380409118      -0.8590528573
  6        4.4235497452       0.5497190045       4.6638187285
  7        0.2861604660      -1.0312054544      -1.6150426765
  1       -1.1621959666      -0.5227565438       0.1728450676
  1        0.4445666777       0.6139053970       0.6317369088
  1       -0.3235518853       2.1270023165       1.0377828872
FINAL HEAT OF FORMATION =     -1513.8646350866  time =       4.6000000000
  6        1.1179408643      -8.5375824819      -1.9310146344
  6       -2.4002508301       6.4137077960      -2.3018934971
  7       -1.3548330458       1.9228152297       0.2898049996
  1        0.7640978790      -0.4322148572      -0.0707468288
  1        0.2620319373      -0.3876757171      -0.6804028709
  6        0.7133986495       0.9363367006       0.4528245574
  8       -0.1933735554      -0.0712796782       0.1698725534
  7       -2.4762564586      -1.5371512649      -0.9019598117
  6        4.2024549458       0.3928493300       4.6807960672
  7        0.3021871384      -0.9769113269      -1.5839506018
  1       -1.1757048977      -0.5364653870       0.1716720794
  1        0.4467998385       0.6252577753       0.6472170930
  1       -0.2084924653       2.1883138817       1.0577808949
FINAL HEAT OF FORMATION =     -1513.8646387547  time =       4.7000000000
  6        0.9674753603      -8.4932006921      -1.7755742006
  6       -2.3665677968       6.3586178882      -2.4079987657
  7       -1.3311262537       1.8610539971       0.2527602367
  1        0.7833490427      -0.3945857683      -0.1024289458
  1        0.2618217185      -0.3916995985      -0.6908052568
  6        0.7670977036       0.9294623524       0.4102603484
  8       -0.2607628922      -0.0773309186       0.2058709452
  7       -2.2803427520      -1.4344887163      -0.9473910225
  6        3.9758775960       0.2329285840       4.6990191551
  7        0.3152653703      -0.9225992246      -1.5476379369
  1       -1.1835189699      -0.5486074726       0.1689150051
  1        0.4460650582       0.6358421565       0.6595123101
  1       -0.0946331851       2.2446074126       1.0754981277
FINAL HEAT OF FORMATION =     -1513.8646425195  time =       4.8000000000
  6        0.8161643716      -8.4419910849      -1.6160849086
  6       -2.3315951161       6.3014465006      -2.5140573037
  7       -1.3054927654       1.7996537904       0.2116705300
  1        0.8020872331      -0.3565460922      -0.1339384248
  1        0.2621597335      -0.3953160139      -0.6980505445
  6        0.8194089371       0.9218956807       0.3677575364
  8       -0.3273371254      -0.0831766789       0.2415688733
  7       -2.0793645756      -1.3301303294      -0.9953899287
  6        3.7439534379       0.0700603699       4.7185030088
  7        0.3253413974      -0.8682769197      -1.5060673055
  1       -1.1855745461      -0.5591558356       0.1645655396
  1        0.4423312698       0.6456140438       0.6685703211
  1        0.0179177482       2.2959225692       1.0909526065
FINAL HEAT OF FORMATION =     -1513.8646463730  time =       4.9000000000
  6        0.6642384642      -8.3839747003      -1.4527726124
  6       -2.2953347809       6.2421629927      -2.6199347136
  7       -1.2780143379       1.7386175859       0.1665514082
  1        0.8202800359      -0.3181281436      -0.1652313981
  1        0.2630285181      -0.3984953367      -0.7020775694
  6        0.8702340359       0.9136277290       0.3253594203
  8       -0.3930080155      -0.0888085774       0.2769209351
  7       -1.8734424199      -1.2241590408      -1.0459915849
  6        3.5068397413      -0.0956429442       4.7392576130
  7        0.3323803668      -0.8139458290      -1.4592314832
  1       -1.1818453154      -0.5680938031       0.1586270273
  1        0.4355852103       0.6545322375       0.6743575109
  1        0.1290584970       2.3423078299       1.1041654469
FINAL HEAT OF FORMATION =     -1513.8646503169  time =       5.0000000000
  6        0.5119335658      -8.3191942064      -1.2858706171
  6       -2.2577931329       6.1807530525      -2.7254982520
  7       -1.2487807233       1.6779452583       0.1174389004
  1        0.8378963363      -0.2793649592      -0.1962638867
  1        0.2644080923      -0.4012096857      -0.7028427504
  6        0.9194761779       0.9046515919       0.2831104737
  8       -0.4576875074      -0.0942182892       0.3118824505
  7       -1.6627186792      -1.1166640448      -1.0992228852
  6        3.2647171508      -0.2640597883       4.7612848899
  7        0.3363677052      -0.7596023259      -1.4071532339
  1       -1.1723429629      -0.5754146948       0.1511145877
  1        0.4258314847       0.6625592355       0.6768597818
  1        0.2386924927       2.3838188561       1.1151605412
FINAL HEAT OF FORMATION =     -1513.8646543253  time =       5.1000000000
  6        0.3594938445      -8.2477031986      -1.1156153858
  6       -2.2189822424       6.1172073629      -2.8306194331
  7       -1.2178876503       1.6176324840       0.0643910063
  1        0.8549065642      -0.2402901647      -0.2269927166
  1        0.2662730874      -0.4034305692      -0.7003213269
  6        0.9670431442       0.8949616328       0.2410546740
  8       -0.5212913372      -0.0993985347       0.3464087683
  7       -1.4473580325      -1.0077404173      -1.1551008239
  6        3.0177904184      -0.4350587925       4.7845799251
  7        0.3373090616      -0.7052358528      -1.3498856895
  1       -1.1571172471      -0.5811223334       0.1420551754
  1        0.4130923672       0.6696612351       0.6760818552
  1        0.3467280221       2.4205171485       1.1239639714
FINAL HEAT OF FORMATION =     -1513.8646583719  time =       5.2000000000
  6        0.2071703422      -8.1695497895      -0.9422599563
  6       -2.1789186633       6.0515063236      -2.9351624757
  7       -1.1854386219       1.5576736629       0.0074863875
  1        0.8712822086      -0.2009379749      -0.2573746700
  1        0.2685960758      -0.4051311382      -0.6945054447
  6        1.0128466785       0.8845545549       0.1992357888
  8       -0.5837378820      -0.1043433357       0.3804572870
  7       -1.2275488519      -0.8974898602      -1.2136313252
  6        2.7662894544      -0.6084983717       4.8091270024
  7        0.3352287674      -0.6508316392      -1.2875111794
  1       -1.1362549122      -0.5852302463       0.1314872600
  1        0.3974082756       0.6758089282       0.6720477645
  1        0.4530771287       2.4524688862       1.1306035612
FINAL HEAT OF FORMATION =     -1513.8646624204  time =       5.3000000000
  6        0.0552128565      -8.0848065336      -0.7660611603
  6       -2.1376162991       5.9836513575      -3.0389937891
  7       -1.1515420617       1.4980625727      -0.0531758504
  1        0.8869964354      -0.1613430081      -0.2873671656
  1        0.2713459086      -0.4062871228      -0.6854061791
  6        1.0568016959       0.8734276715       0.1576978272
  8       -0.6449476260      -0.1090467094       0.4139851990
  7       -1.0035032929      -0.7860196618      -1.2748092644
  6        2.5104692911      -0.7842285852       4.8349025805
  7        0.3301705007      -0.5963695253      -1.2201416917
  1       -1.1098792227      -0.5877616134       0.1194605890
  1        0.3788367611       0.6809773212       0.6648002457
  1        0.5576550530       2.4797438367       1.1351086591
FINAL HEAT OF FORMATION =     -1513.8646664194  time =       5.4000000000
  6       -0.0961137232      -7.9935378254      -0.5872798559
  6       -2.0951015198       5.9136326822      -3.1419828925
  7       -1.1163128963       1.4387897531      -0.1174753876
  1        0.9020238230      -0.1215402898      -0.3169282898
  1        0.2744882739      -0.4068745223      -0.6730522371
  6        1.0988284735       0.8615807694       0.1164838066
  8       -0.7048441821      -0.1135037655       0.4469508932
  7       -0.7754592364      -0.6734431821      -1.3386164230
  6        2.2506116375      -0.9620889561       4.8618716502
  7        0.3221960707      -0.5418260525      -1.1479168558
  1       -1.0781483777      -0.5887487518       0.1060356678
  1        0.3574523655       0.6851460901       0.6544002480
  1        0.6603792915       2.5024140506       1.1375096760
FINAL HEAT OF FORMATION =     -1513.8646703191  time =       5.5000000000
  6       -0.2465489581      -7.8958223835      -0.4061858547
  6       -2.0513934587       5.8414527189      -3.2439969644
  7       -1.0798729173       1.3798459628      -0.1852713076
  1        0.9163403045      -0.0815653460      -0.3460165365
  1        0.2779874304      -0.4068720225      -0.6574909122
  6        1.1388503696       0.8490141514       0.0756379599
  8       -0.7633534782      -0.1177104387       0.4793137398
  7       -0.5436792794      -0.5598801476      -1.4050225179
  6        1.9870246017      -1.1419090367       4.8899889018
  7        0.3113847864      -0.4871740735      -1.0710041645
  1       -1.0412541862      -0.5882326264       0.0912834102
  1        0.3333458392       0.6882999906       0.6409264910
  1        0.7611689461       2.5205532512       1.1378377551
FINAL HEAT OF FORMATION =     -1513.8646740649  time =       5.6000000000
  6       -0.3958217247      -7.7917402663      -0.2230553475
  6       -2.0065202726       5.7671132687      -3.3449022485
  7       -1.0423475114       1.3212208509      -0.2564031201
  1        0.9299232540      -0.0414539776      -0.3745911292
  1        0.2818041385      -0.4062601000      -0.6387865006
  6        1.1767957124       0.8357305257       0.0352029330
  8       -0.8204046829      -0.1216635273       0.5110341910
  7       -0.3084519022      -0.4454557008      -1.4739817953
  6        1.7200426434      -1.3235092959       4.9191955345
  7        0.2978319555      -0.4323843648      -0.9895956259
  1       -0.9994192325      -0.5862619585       0.0752842326
  1        0.3066234668       0.6904287366       0.6244744160
  1        0.8599441557       2.5342358092       1.1361244601
FINAL HEAT OF FORMATION =     -1513.8646775958  time =       5.7000000000
  6       -0.5436551795      -7.6813784933      -0.0381676815
  6       -1.9605128756       5.6906227144      -3.4445677599
  7       -1.0038680314       1.2629034600      -0.3306903320
  1        0.9427513690      -0.0012422969      -0.4026119294
  1        0.2858977519      -0.4050220748      -0.6170212266
  6        1.2125973976       0.8217327725      -0.0047777382
  8       -0.8759297536      -0.1253599455       0.5420731082
  7       -0.0700922804      -0.3303009048      -1.5454343938
  6        1.4500284973      -1.5067001371       4.9494215171
  7        0.2816478526      -0.3774255566      -0.9039078428
  1       -0.9528955700      -0.5828929781       0.0581273218
  1        0.2774056076       0.6915271531       0.6051552179
  1        0.9566252146       2.5435362871       1.1324017390
FINAL HEAT OF FORMATION =     -1513.8646808487  time =       5.8000000000
  6       -0.6897717464      -7.5648263085       0.1481935890
  6       -1.9134012579       5.6119904830      -3.5428624958
  7       -0.9645707575       1.2048825484      -0.4079360139
  1        0.9548048270       0.0390332449      -0.4300394723
  1        0.2902261547      -0.4031433523      -0.5922924322
  6        1.2461930350       0.8070256836      -0.0442617312
  8       -0.9298631944      -0.1287978311       0.5723927696
  7        0.1710585149      -0.2145515499      -1.6193039496
  6        1.1773709989      -1.6912835052       4.9805822497
  7        0.2629557807      -0.3222655058      -0.8141788408
  1       -0.9019612337      -0.5781883350       0.0399097464
  1        0.2458263422       0.6915954753       0.5830950069
  1        1.0511325366       2.5485289525       1.1267015740
FINAL HEAT OF FORMATION =     -1513.8646837642  time =       5.9000000000
  6       -0.8338860429      -7.4421781928       0.3357416114
  6       -1.8652202698       5.5312317286      -3.6396573204
  7       -0.9245961614       1.1471466950      -0.4879242361
  1        0.9660651012       0.0793360264      -0.4568351453
  1        0.2947456816      -0.4006124585      -0.5647142727
  6        1.2775251594       0.7916156504      -0.0832070608
  8       -0.9821432903      -0.1319762752       0.6019572023
  7        0.4146326482      -0.0983495418      -1.6954976783
  6        0.9024867138      -1.8770508161       5.0125790585
  7        0.2418905680      -0.2668726529      -0.7206666934
  1       -0.8469172703      -0.5722163061       0.0207354225
  1        0.2120317364       0.6906392127       0.5584334768
  1        1.1433854259       2.5492869304       1.1190556355
FINAL HEAT OF FORMATION =     -1513.8646862824  time =       6.0000000000
  6       -0.9757056336      -7.3135292471       0.5241851202
  6       -1.8160098403       5.4483626553      -3.7348220712
  7       -0.8840894452       1.0896838232      -0.5704245023
  1        0.9765148752       0.1196292545      -0.4829610110
  1        0.2994122745      -0.3974206972      -0.5344142997
  6        1.3065408018       0.7755095739      -0.1215714427
  8       -1.0327108679      -0.1348947087       0.6307300149
  7        0.6602368305       0.0181593549      -1.7739056748
  6        0.6258176031      -2.0637859484       5.0452980807
  7        0.2185982240      -0.2112150881      -0.6236463381
  1       -0.7880857760      -0.5650501314       0.0007144401
  1        0.1761788502       0.6886690582       0.5313223312
  1        1.2333021038       2.5458821009       1.1094953527
FINAL HEAT OF FORMATION =     -1513.8646883465  time =       6.1000000000
  6       -1.1149377297      -7.1789800407       0.7132327591
  6       -1.7658086033       5.3634055295      -3.8282305290
  7       -0.8431998646       1.0324824098      -0.6551897833
  1        0.9861382597       0.1598760120      -0.5083801988
  1        0.3041815340      -0.3935622159      -0.5015351083
  6        1.3331913866       0.7587142736      -0.1593133998
  8       -1.0815093132      -0.1375528136       0.6586766599
  7        0.9074523373       0.1348244858      -1.8543997538
  6        0.3478322812      -2.2512634876       5.0786104806
  7        0.1932325002      -0.1552628746      -0.5234083771
  1       -0.7258060035      -0.5567671140      -0.0200385448
  1        0.1384339980       0.6857008996       0.5019239890
  1        1.3207992173       2.5383849360       1.0980518064
FINAL HEAT OF FORMATION =     -1513.8646899058  time =       6.2000000000
  6       -1.2512851058      -7.0386308604       0.9025885221
  6       -1.7146572500       5.2763835132      -3.9197542243
  7       -0.8020810114       0.9755300718      -0.7419620784
  1        0.9949203190       0.2000390968      -0.5330564210
  1        0.3090085261      -0.3890345477      -0.4662299871
  6        1.3574347699       0.7412392442      -0.1963920209
  8       -1.1284859145      -0.1399516876       0.6857634958
  7        1.1558345516       0.2514914765      -1.9368333355
  6        0.0690244235      -2.4392498368       5.1123708777
  7        0.1659546287      -0.0989888260      -0.4202558941
  1       -0.6604310061      -0.5474476508      -0.0414048660
  1        0.0989716420       0.6817558105       0.4704105034
  1        1.4057914268       2.5268641961       1.0847554281
FINAL HEAT OF FORMATION =     -1513.8646909154  time =       6.3000000000
  6       -1.3844448929      -6.8925859695       1.0919579712
  6       -1.6626004804       5.1873254350      -4.0092689080
  7       -0.7608893231       0.9188145960      -0.8304708601
  1        1.0028474526       0.2400814760      -0.5569544439
  1        0.3138485976      -0.3838388858      -0.4286639386
  6        1.3792331393       0.7230934118      -0.2327671913
  8       -1.1735904231      -0.1420923148       0.7119586121
  7        1.4049151869       0.3680020235      -2.0210410021
  6       -0.2100883600      -2.6275047977       5.1464170250
  7        0.1369303506      -0.0423668798      -0.3145017802
  1       -0.5923252693      -0.5371746497      -0.0632632031
  1        0.0579730466       0.6768598344       0.4369616502
  1        1.4881909753       2.5113867206       1.0696360688
FINAL HEAT OF FORMATION =     -1513.8646913337  time =       6.4000000000
  6       -1.5141116361      -6.7409490176       1.2810459014
  6       -1.6096853237       5.0962611322      -4.0966518373
  7       -0.7197845715       0.8623224650      -0.9204345242
  1        1.0099071823       0.2799657572      -0.5800399547
  1        0.3186582198      -0.3779781130      -0.3890128639
  6        1.3985536809       0.7042871220      -0.2683985789
  8       -1.2167760621      -0.1439770587       0.7372301658
  7        1.6542031211       0.4841949082      -2.1068379876
  6       -0.4889658056      -2.8157790570       5.1805708603
  7        0.1063296171       0.0146232617      -0.2064671643
  1       -0.5218604131      -0.5260326090      -0.0854906987
  1        0.0156244289       0.6710436025       0.4017636510
  1        1.5679075620       2.4920176067       1.0527230312
FINAL HEAT OF FORMATION =     -1513.8646911285  time =       6.5000000000
  6       -1.6399800931      -6.5838270134       1.4695580255
  6       -1.5559562776       5.0032248620      -4.1817818701
  7       -0.6789294016       0.8060420527      -1.0115635574
  1        1.0160879069       0.3196546949      -0.6022796462
  1        0.3233943884      -0.3714609778      -0.3474602250
  6        1.4153691579       0.6848303489      -0.3032477913
  8       -1.2579993216      -0.1456080687       0.7615482041
  7        1.9031854546       0.5999072759      -2.1940197534
  6       -0.7670467035      -3.0038187226       5.2146357801
  7        0.0743241193       0.0719995734      -0.0964778444
  1       -0.4494132224      -0.5141067316      -0.1079636722
  1       -0.0278841799       0.6643425623       0.3650076290
  1        1.6448481726       2.4688201441       1.0340447214
FINAL HEAT OF FORMATION =     -1513.8646902880  time =       6.6000000000
  6       -1.7617414425      -6.4213245876       1.6572008086
  6       -1.5014624388       4.9082509932      -4.2645402019
  7       -0.6384887037       0.7499578452      -1.1035628162
  1        1.0213790023       0.3591111730      -0.6236412371
  1        0.3280149912      -0.3642972191      -0.3041959067
  6        1.4296570230       0.6647340918      -0.3372759512
  8       -1.2972188941      -0.1469882900       0.7848832970
  7        2.1513292072       0.7149733445      -2.2823617449
  6       -1.0437500002      -3.1913622873       5.2483985655
  7        0.0410867571       0.1297752474       0.0151372630
  1       -0.3753620823      -0.5014824775      -0.1305588360
  1       -0.0723603224       0.6567962569       0.3268877840
  1        1.7189169033       2.4418559095       1.0136289759
FINAL HEAT OF FORMATION =     -1513.8646887993  time =       6.7000000000
  6       -1.8790847500      -6.2535536012       1.8436823996
  6       -1.4462542186       4.8113822793      -4.3448096712
  7       -0.5986296205       0.6940561486      -1.1961303326
  1        1.0257709135       0.3982977401      -0.6440933429
  1        0.3324803799      -0.3565009328      -0.2594174302
  6        1.4414015546       0.6440100435      -0.3704463918
  8       -1.3343980987      -0.1481215319       0.8072087718
  7        2.3980824366       0.8292261509      -2.3716209867
  6       -1.3184768397      -3.3781432593       5.2816293321
  7        0.0067891692       0.1879582712       0.1280479944
  1       -0.3000845803      -0.4882446620      -0.1531541896
  1       -0.1176109283       0.6484483013       0.2876007710
  1        1.7900145823       2.4111850525       0.9915030759
FINAL HEAT OF FORMATION =     -1513.8646866561  time =       6.8000000000
  6       -1.9916984977      -6.0806177649       2.0287155618
  6       -1.3903838010       4.7126556986      -4.4224768914
  7       -0.5595192389       0.6383218141      -1.2889623173
  1        1.0292548576       0.4371773326      -0.6636057837
  1        0.3367517603      -0.3480896342      -0.2133256174
  6        1.4505903456       0.6226696652      -0.4027222307
  8       -1.3695023355      -0.1490118891       0.8284975710
  7        2.6428774849       0.9424985485      -2.4615338496
  6       -1.5906138078      -3.5638911049       5.3140798677
  7       -0.0283984312       0.2465521129       0.2419265197
  1       -0.2239542636      -0.4744769546      -0.1756298722
  1       -0.1634430622       0.6393458802       0.2473435128
  1        1.8580389896       2.3768662956       0.9676935293
FINAL HEAT OF FORMATION =     -1513.8646838762  time =       6.9000000000
  6       -2.0992747718      -5.9026275325       2.2120150023
  6       -1.3339006681       4.6121160953      -4.4974306732
  7       -0.5213260916       0.5827375400      -1.3817531519
  1        1.0318227139       0.4757127463      -0.6821494569
  1        0.3407925766      -0.3390833121      -0.1661238409
  6        1.4572181151       0.6007249791      -0.4340686166
  8       -1.4025009056      -0.1496636788       0.8487247580
  7        2.8851320497       1.0546230094      -2.5518179818
  6       -1.8595343443      -3.7483295117       5.3454860778
  7       -0.0643090647       0.3055538524       0.3564479059
  1       -0.1473387652      -0.4602613368      -0.1978687894
  1       -0.2096655427       0.6295397770       0.2063123281
  1        1.9228846988       2.3389573724       0.9422264386
FINAL HEAT OF FORMATION =     -1513.8646804849  time =       7.0000000000
  6       -2.2015047882      -5.7196907362       2.3932992557
  6       -1.2768580770       4.5098067254      -4.5695614759
  7       -0.4842186341       0.5272870434      -1.4741964662
  1        1.0334672940       0.5138668528      -0.6996963373
  1        0.3445688459      -0.3295052418      -0.1180188400
  6        1.4612836443       0.5781875352      -0.4644507214
  8       -1.4333649929      -0.1500820987       0.8678662180
  7        3.1242522649       1.1654331065      -2.6421734010
  6       -2.1246014628      -3.9311805029       5.3755678513
  7       -0.1007795634       0.3649560378       0.4712923447
  1       -0.0705977885      -0.4456777016      -0.2197576461
  1       -0.2560898795       0.6190835800       0.1647018100
  1        1.9844431374       2.2975154002       0.9151274083
FINAL HEAT OF FORMATION =     -1513.8646765152  time =       7.1000000000
  6       -2.2980829497      -5.5319186529       2.5722942230
  6       -1.2193088175       4.4057756838      -4.6387660930
  7       -0.4483630605       0.4719513260      -1.5659884980
  1        1.0341819041       0.5516028065      -0.7162197029
  1        0.3480480919      -0.3193826166      -0.0692164974
  6        1.4627918352       0.5550696356      -0.4938359295
  8       -1.4620708626      -0.1502721885       0.8858992802
  7        3.3596360733       1.2747634255      -2.7322807696
  6       -2.3851718565      -4.1121619221       5.4040288955
  7       -0.1376510053       0.4247451404       0.5861473982
  1        0.0059195548      -0.4308031503      -0.2411871829
  1       -0.3025315376       0.6080335793       0.1227031525
  1        2.0426026301       2.2525969332       0.8864217240
FINAL HEAT OF FORMATION =     -1513.8646720056  time =       7.2000000000
  6       -2.3887071814      -5.3394212038       2.7487289964
  6       -1.1613057378       4.3000699463      -4.7049410039
  7       -0.4139250569       0.4167107619      -1.6568285552
  1        1.0339606635       0.5888837609      -0.7316939301
  1        0.3512009097      -0.3087439895      -0.0199229961
  6        1.4617526949       0.5313830309      -0.5221930124
  8       -1.4885965403      -0.1502397025       0.9028033929
  7        3.5906743427       1.3824509075      -2.8218050865
  6       -2.6405966569      -4.2909908178       5.4305585113
  7       -0.1747709479       0.4849022082       0.7007082310
  1        0.0818757415      -0.4157120690      -0.2620529236
  1       -0.3488107503       0.5964484100       0.0805038736
  1        2.0972485191       2.2042587569       0.8561345026
FINAL HEAT OF FORMATION =     -1513.8646670095  time =       7.3000000000
  6       -2.4730796691      -5.1423074678       2.9223403830
  6       -1.1029028233       4.1927359842      -4.7679883952
  7       -0.3810669362       0.3615439637      -1.7464209918
  1        1.0327980398       0.6256729215      -0.7460946430
  1        0.3540003568      -0.2976211120       0.0296578715
  6        1.4581810968       0.5071398830      -0.5494918867
  8       -1.5129232809      -0.1499908207       0.9185584409
  7        3.8167556031       1.4883356805      -2.9103948354
  6       -2.8902275409      -4.4673821069       5.4548327526
  7       -0.2119910576       0.5454019929       0.8146796544
  1        0.1569463246      -0.4004756462      -0.2822554923
  1       -0.3947535958       0.5843885582       0.0382862873
  1        2.1482634827       2.1525581697       0.8242908547
FINAL HEAT OF FORMATION =     -1513.8646615910  time =       7.4000000000
  6       -2.5509091399      -4.9406907205       3.0928739427
  6       -1.0441529863       4.0838234039      -4.8278154274
  7       -0.3499472578       0.3064279879      -1.8344765547
  1        1.0306891558       0.6619338013      -0.7593988025
  1        0.3564218565      -0.2860477994       0.0793250268
  6        1.4520980933       0.4823523438      -0.5757040800
  8       -1.5350362323      -0.1495320499       0.9331460920
  7        4.0372680292       1.5922609791      -2.9976843319
  6       -3.1334178416      -4.6410506611       5.4765152830
  7       -0.2491705233       0.6062148508       0.9277769371
  1        0.2308217451      -0.3851616284      -0.3017011696
  1       -0.4401924114       0.5719161167      -0.0037729997
  1        2.1955275129       2.0975533759       0.7909160842
FINAL HEAT OF FORMATION =     -1513.8646558138  time =       7.5000000000
  6       -2.6219110483      -4.7346840875       3.2600809465
  6       -0.9851100184       3.9733805099      -4.8843310871
  7       -0.3207205461       0.2513407420      -1.9207132800
  1        1.0276296931       0.6976300244      -0.7715847758
  1        0.3584439390      -0.2740614398       0.1288805522
  6        1.4435286939       0.4570316161      -0.6008026130
  8       -1.5549228953      -0.1488697237       0.9465496458
  7        4.2516044161       1.6940748324      -3.0832951001
  6       -3.3695269419      -4.8117117348       5.4952588311
  7       -0.2861740986       0.6673048718       1.0397265946
  1        0.3032070766      -0.3698341726      -0.3203017687
  1       -0.4849667745       0.5590943775      -0.0455037499
  1        2.2389185046       2.0393041842       0.7560358044
FINAL HEAT OF FORMATION =     -1513.8646497510  time =       7.6000000000
  6       -2.6858101956      -4.5244015618       3.4237200603
  6       -0.9258259848       3.8614550277      -4.9374480771
  7       -0.2935351375       0.1962554412      -2.0048577216
  1        1.0236155596       0.7327254656      -0.7826321067
  1        0.3600475735      -0.2616995143       0.1781316135
  6        1.4325037769       0.4311899442      -0.6247629445
  8       -1.5725743374      -0.1480109955       0.9587535725
  7        4.4591636108       1.7936298295      -3.1668366116
  6       -3.5979243940      -4.9790807726       5.5107066981
  7       -0.3228733476       0.7286311945       1.1502675301
  1        0.3738240808      -0.3545539651      -0.3379751865
  1       -0.5289238865       0.5459874723      -0.0867430492
  1        2.2783126816       1.9778724341       0.7196762226
FINAL HEAT OF FORMATION =     -1513.8646434877  time =       7.7000000000
  6       -2.7423404712      -4.3099597544       3.5835634700
  6       -0.8663540942       3.7480940431      -4.9870873671
  7       -0.2685330358       0.1411467352      -2.0866475241
  1        1.0186433061       0.7671841515      -0.7925219825
  1        0.3612162660      -0.2490029736       0.2268907682
  6        1.4190588589       0.4048385502      -0.6475621372
  8       -1.5879842623      -0.1469631412       0.9697437964
  7        4.6593562644       1.8907851249      -3.2479089214
  6       -3.8179931554      -5.1428758390       5.5224956554
  7       -0.3591462905       0.7901482606       1.2591503316
  1        0.4424107636      -0.3393778802      -0.3546453111
  1       -0.5719189309       0.5326600585      -0.1273352890
  1        2.3135847813       1.9133226643       0.6818645109
FINAL HEAT OF FORMATION =     -1513.8646371068  time =       7.8000000000
  6       -2.7912464420      -4.0914796129       3.7393891583
  6       -0.8067471722       3.6333450346      -5.0331709698
  7       -0.2458489101       0.0859874634      -2.1658307583
  1        1.0127098387       0.8009704220      -0.8012370019
  1        0.3619367801      -0.2360136797       0.2749765000
  6        1.4032344691       0.3779890729      -0.6691798156
  8       -1.6011498243      -0.1457336758       0.9795087452
  7        4.8516058992       1.9854058433      -3.3261049293
  6       -4.0291327892      -5.3028168390       5.5302562449
  7       -0.3948773699       0.8518054750       1.3661390694
  1        0.5087220054      -0.3243592734      -0.3702421516
  1       -0.6138154525       0.5191769379      -0.1671328713
  1        2.3446089676       1.8457228317       0.6426287797
FINAL HEAT OF FORMATION =     -1513.8646306926  time =       7.9000000000
  6       -2.8322870227      -3.8690832476       3.8909857754
  6       -0.7470563563       3.5172522050      -5.0756269996
  7       -0.2256090497       0.0307489536      -2.2421669188
  1        1.0058123392       0.8340488025      -0.8087610586
  1        0.3621977036      -0.2227747871       0.3222139890
  6        1.3850754277       0.3506524546      -0.6895974165
  8       -1.6120705508      -0.1443298103       0.9880369483
  7        5.0353560344       2.0773641651      -3.4010118135
  6       -4.2307645156      -5.4586263420       5.5336170730
  7       -0.4299569420       0.9135476962       1.4710099672
  1        0.5725294114      -0.3095477883      -0.3847016501
  1       -0.6544858817       0.5056029073      -0.2059965998
  1        2.3712594026       1.7751447909       0.6019987040
FINAL HEAT OF FORMATION =     -1513.8646243322  time =       8.0000000000
  6       -2.8652344115      -3.6428987169       4.0381530146
  6       -0.6873332818       3.3998598656      -5.1143885269
  7       -0.2079291725      -0.0245968499      -2.3154281568
  1        0.9979483970       0.8663841118      -0.8150799615
  1        0.3619908471      -0.2093313367       0.3684351051
  6        1.3646313297       0.3228396421      -0.7087990346
  8       -1.6207500551      -0.1427597347       0.9953194491
  7        5.2100705510       2.1665404528      -3.4722138462
  6       -4.4223342268      -5.6100308488       5.5322050088
  7       -0.4642813263       0.9753158352       1.5735526926
  1        0.6336215204      -0.2949897377      -0.3979658236
  1       -0.6938111694       0.4920022718      -0.2437954267
  1        2.3934109983       1.7016650453       0.5600055062
FINAL HEAT OF FORMATION =     -1513.8646181109  time =       8.1000000000
  6       -2.8898777158      -3.4130565902       4.1807028595
  6       -0.6276275784       3.2812078370      -5.1493955588
  7       -0.1929174820      -0.0800797322      -2.3854011300
  1        0.9891162185       0.8979415576      -0.8201808885
  1        0.3613110300      -0.1957286009       0.4134797416
  6        1.3419558265       0.2945620681      -0.7267709741
  8       -1.6271929866      -0.1410312143       1.0013488110
  7        5.3752381675       2.2528226271      -3.5392944504
  6       -4.6033151211      -5.7567608422       5.5256495788
  7       -0.4977531418       1.0370463315       1.6735689892
  1        0.6918037128      -0.2807278503      -0.4099826374
  1       -0.7316811943       0.4784387448      -0.2804068699
  1        2.4109402648       1.6253656641       0.5166825292
FINAL HEAT OF FORMATION =     -1513.8646121134  time =       8.2000000000
  6       -2.9060212432      -3.1796948949       4.3184558676
  6       -0.5679914636       3.1613348472      -5.1805917192
  7       -0.1806682945      -0.1357283095      -2.4518851900
  1        0.9793140980       0.9286867235      -0.8240528111
  1        0.3601544130      -0.1820134601       0.4571956764
  6        1.3171069506       0.2658302369      -0.7435025422
  8       -1.6314081295      -0.1391524469       1.0061191604
  7        5.5303771660       2.3361082953      -3.6018392411
  6       -4.7732133792      -5.8985515681       5.5135840134
  7       -0.5302796122       1.0986725938       1.7708741096
  1        0.7468974699      -0.2668018106      -0.4207055702
  1       -0.7679945899       0.4649750569      -0.3157173023
  1        2.4237266147       1.5463347365       0.4720655487
FINAL HEAT OF FORMATION =     -1513.8646064255  time =       8.3000000000
  6       -2.9134912296      -2.9429565487       4.4512467801
  6       -0.5084733790       3.0402760078      -5.2079284778
  7       -0.1712651363      -0.1915721919      -2.5146941729
  1        0.9685408529       0.9585854066      -0.8266862803
  1        0.3585201231      -0.1682326825       0.4994380693
  6        1.2901467104       0.2366548921      -0.7589860473
  8       -1.6334068489      -0.1371315879       1.0096264731
  7        5.6750377713       2.4163041417      -3.6594380948
  6       -4.9315703041      -6.0351435476       5.4956490674
  7       -0.5617728567       1.1601242011       1.8652948333
  1        0.7987399582      -0.2532480170      -0.4300936414
  1       -0.8026588276       0.4516728767      -0.3496213345
  1        2.4316531664       1.4646670494       0.4261928259
FINAL HEAT OF FORMATION =     -1513.8646011246  time =       8.4000000000
  6       -2.9121328549      -2.7029945349       4.5789198930
  6       -0.4491226804       2.9180652792      -5.2313615893
  7       -0.1647790677      -0.2476397816      -2.5736570670
  1        0.9567957837       0.9876039959      -0.8280737831
  1        0.3564093376      -0.1544339634       0.5400713237
  6        1.2611399276       0.2070471732      -0.7732157279
  8       -1.6332030679      -0.1349769763       1.0118677869
  7        5.8088052377       2.4933256970      -3.7116890770
  6       -5.0779653007      -6.1662823434       5.4714961744
  7       -0.5921498145       1.2213278131       1.9566698706
  1        0.8471843467      -0.2401002384      -0.4381114378
  1       -0.8355900767       0.4385925243      -0.3820222265
  1        2.4346082295       1.3804653551       0.3791058600
FINAL HEAT OF FORMATION =     -1513.8645962777  time =       8.5000000000
  6       -2.9018151073      -2.4599672139       4.7013323217
  6       -0.3899882319       2.7947308237      -5.2508540733
  7       -0.1612691234      -0.3039586325      -2.6286175077
  1        0.9440785929       1.0157092731      -0.8282095540
  1        0.3538262983      -0.1406647596       0.5789677515
  6        1.2301559256       0.1770177001      -0.7861894566
  8       -1.6308128252      -0.1326971306       1.0128422909
  7        5.9313031571       2.5670994503      -3.7581993624
  6       -5.2120198051      -6.2917199077       5.4407883656
  7       -0.6213310071       1.2822066946       2.0448496318
  1        0.8920981458      -0.2273892694      -0.4447283677
  1       -0.8667127516       0.4257926483      -0.4128315423
  1        2.4324867320       1.2938403238       0.3308495025
FINAL HEAT OF FORMATION =     -1513.8645919518  time =       8.6000000000
  6       -2.8824299347      -2.2140430289       4.8183525152
  6       -0.3311190699       2.6702974552      -5.2663755277
  7       -0.1607783089      -0.3605547931      -2.6794337460
  1        0.9303894628       1.0428685744      -0.8270897458
  1        0.3507759727      -0.1269732188       0.6160079697
  6        1.1972662310       0.1465769044      -0.7979085881
  8       -1.6262555720      -0.1303002657       1.0125512571
  7        6.0421959969       2.6375622522      -3.7985888302
  6       -5.3333988088      -6.4112147422       5.4032048347
  7       -0.6492415521       1.3426820491       2.1296952006
  1        0.9333633986      -0.2151435394      -0.4499187602
  1       -0.8959595368       0.4133304736      -0.4419689490
  1        2.4251917212       1.2049118794       0.2814723696
FINAL HEAT OF FORMATION =     -1513.8645882029  time =       8.7000000000
  6       -2.8538970840      -1.9654012213       4.9298607534
  6       -0.2725622483       2.5447871064      -5.2779021154
  7       -0.1633386200      -0.4174528030      -2.7259795683
  1        0.9157291616       1.0690497572      -0.8247123351
  1        0.3472666963      -0.1134072769       0.6510813573
  6        1.1625462504       0.1157361957      -0.8083765550
  8       -1.6195528687      -0.1277949320       1.0109967903
  7        6.1411920278       2.7046608704      -3.8324940306
  6       -5.4418148698      -6.5245316092       5.3584436861
  7       -0.6758091917       1.4026722130       2.2110785380
  1        0.9708757940      -0.2033890518      -0.4536616729
  1       -0.9232710654       0.4012612047      -0.4693621323
  1        2.4126360179       1.1138095468       0.2310272844
FINAL HEAT OF FORMATION =     -1513.8645850765  time =       8.8000000000
  6       -2.8161631134      -1.7142308524       5.0357481882
  6       -0.2143662332       2.4182161855      -5.2854160568
  7       -0.1689656237      -0.4746748132      -2.7681439754
  1        0.9000989463       1.0942212769      -0.8210773730
  1        0.3433076843      -0.1000141687       0.6840857347
  6        1.1260720969       0.0845065724      -0.8176003830
  8       -1.6107277920      -0.1251898221       1.0081829807
  7        6.2280446418       2.7683530046      -3.8595691834
  6       -5.5370283087      -6.6314424929       5.3062241303
  7       -0.7009645238       1.4620934445       2.2888812721
  1        1.0045439132      -0.1921496817      -0.4559403686
  1       -0.9485957677       0.3896381437      -0.4949464718
  1        2.3947440801       1.0206732033       0.1795715059
FINAL HEAT OF FORMATION =     -1513.8645826144  time =       8.9000000000
  6       -2.7692046256      -1.4607330945       5.1359192321
  6       -0.1565792527       2.2905971147      -5.2889086000
  7       -0.1776608194      -0.5322413639      -2.8058303423
  1        0.8835007232       1.1183523572      -0.8161868363
  1        0.3389103669      -0.0868410206       0.7149271530
  6        1.0879243293       0.0528994279      -0.8255910782
  8       -1.5998072955      -0.1224934376       1.0041166458
  7        6.3025552279       2.8286077534      -3.8794889434
  6       -5.6188510680      -6.7317265149       5.2462885094
  7       -0.7246414562       1.5208602697       2.3629945689
  1        1.0342891561      -0.1814473194      -0.4567424772
  1       -0.9718893390       0.3785123224      -0.5186649468
  1        2.3714540529       0.9256535056       0.1271671148
FINAL HEAT OF FORMATION =     -1513.8645808426  time =       9.0000000000
  6       -2.7130296392      -1.2051228166       5.2302873046
  6       -0.0992490570       2.1619387862      -5.2883766184
  7       -0.1894127672      -0.5901679767      -2.8389569771
  1        0.8659371673       1.1414128573      -0.8100448565
  1        0.3340881625      -0.0739346302       0.7435200677
  6        1.0481845818       0.0209267501      -0.8323614074
  8       -1.5868199039      -0.1197146604       0.9988048646
  7        6.3645736219       2.8854036387      -3.8919528826
  6       -5.6871465643      -6.8251698675       5.1784075357
  7       -0.7467755827       1.5788844365       2.4333188744
  1        1.0600450262      -0.1713019167      -0.4560596794
  1       -0.9931146194       0.3679327969      -0.5404676844
  1        2.3427195741       0.8289126023       0.0738814587
FINAL HEAT OF FORMATION =     -1513.8645797768  time =       9.1000000000
  6       -2.6476801231      -0.9476252787       5.3187780980
  6       -0.0424230944       2.0322436232      -5.2838250273
  7       -0.2041937419      -0.6484690314      -2.8674571348
  1        0.8474116433       1.1633735300      -0.8026577134
  1        0.3288551682      -0.0613408895       0.7697870990
  6        1.0069350500      -0.0113999992      -0.8379285097
  8       -1.5717953428      -0.1168616262       0.9922567790
  7        6.4140000227       2.9387310754      -3.8966845874
  6       -5.7418314183      -6.9115668895       5.1023798573
  7       -0.7673051581       1.6360769797       2.4997630721
  1        1.0817560625      -0.1617319065      -0.4538872689
  1       -1.0122412248       0.3579462033      -0.5603118913
  1        2.3085121568       0.7306242094       0.0197872276
FINAL HEAT OF FORMATION =     -1513.8645794258  time =       9.2000000000
  6       -2.5732322078      -0.6884820305       5.4013266979
  6        0.0138491281       1.9015107036      -5.2752658686
  7       -0.2219633730      -0.7071530765      -2.8912780889
  1        0.8279282566       1.1842059759      -0.7940335942
  1        0.3232283470      -0.0491050485       0.7936592827
  6        0.9642604528      -0.0440681438      -0.8423122422
  8       -1.5547665084      -0.1139431038       0.9844840685
  7        6.4507854525       2.9885901540      -3.8934370625
  6       -5.7828754345      -6.9907192461       5.0180351883
  7       -0.7861701325       1.6923468653       2.5622442577
  1        1.0993780768      -0.1527539175      -0.4502242219
  1       -1.0292453649       0.3485967870      -0.5781614094
  1        2.2688233074       0.6309740810      -0.0350370073
FINAL HEAT OF FORMATION =     -1513.8645797821  time =       9.3000000000
  6       -2.4897994653      -0.4279472794       5.4778790188
  6        0.0695199525       1.7697339167      -5.2627192844
  7       -0.2426669070      -0.7662257815      -2.9103807995
  1        0.8074920352       1.2038826902      -0.7841830960
  1        0.3172250158      -0.0372714648       0.8150749842
  6        0.9202465847      -0.0770647333      -0.8455356113
  8       -1.5357686340      -0.1109675623       0.9754989696
  7        6.4749317819       3.0349916837      -3.8819934751
  6       -5.8103027918      -7.0624365485       4.9252381160
  7       -0.8033126893       1.7476018872       2.6206878045
  1        1.1128777149      -0.1443832478      -0.4450731392
  1       -1.0441094100       0.3399263291      -0.5939866190
  1        2.2236668125       0.5301601105      -0.0905068687
FINAL HEAT OF FORMATION =     -1513.8645808300  time =       9.4000000000
  6       -2.3975340273      -0.1662890821       5.5483905683
  6        0.1245396053       1.6369021534      -5.2462129059
  7       -0.2662362277      -0.8256878292      -2.9247400644
  1        0.7861089568       1.2223773698      -0.7731190712
  1        0.3108642759      -0.0258835420       0.8339809865
  6        0.8749795546      -0.1103756402      -0.8476247171
  8       -1.5148381465      -0.1079442118       0.9653160502
  7        6.4864921097       3.0779564870      -3.8621682368
  6       -5.8241908620      -7.1265362438       4.8238869761
  7       -0.8186764040       1.8017481871       2.6750263125
  1        1.1222317400      -0.1366337650      -0.4384399093
  1       -1.0568216613       0.3319740052      -0.6077643246
  1        2.1730810866       0.4283921116      -0.1465316644
FINAL HEAT OF FORMATION =     -1513.8645825396  time =       9.5000000000
  6       -2.2966269659       0.0962090247       5.6128244257
  6        0.1788578974       1.5030007390      -5.2257812477
  7       -0.2925904834      -0.8855354139      -2.9343442369
  1        0.7637860153       1.2396647273      -0.7608564507
  1        0.3041665295      -0.0149834851       0.8503315745
  6        0.8285457325      -0.1439872062      -0.8486085346
  8       -1.4920138689      -0.1048811598       0.9539515879
  7        6.4855700064       3.1175150887      -3.8338103430
  6       -5.8246702892      -7.1828439152       4.7139187078
  7       -0.8322069176       1.8546911633       2.7252001216
  1        1.1274272793      -0.1295178889      -0.4303337577
  1       -1.0673762543       0.3247763585      -0.6194773536
  1        2.1171313189       0.3258919674      -0.2030144932
FINAL HEAT OF FORMATION =     -1513.8645848713  time =       9.6000000000
  6       -2.1873121723       0.3592513398       5.6711545362
  6        0.2324242505       1.3680093414      -5.2014679763
  7       -0.3216360023      -0.9457595409      -2.9391939593
  1        0.7405310400       1.2557206046      -0.7474123485
  1        0.2971531576      -0.0046121278       0.8640889801
  6        0.7810319289      -0.1778847833      -0.8485191385
  8       -1.4673357489      -0.1017871618       0.9414226954
  7        6.4723186703       3.1537070395      -3.7968024653
  6       -5.8119234136      -7.2311928854       4.5953063301
  7       -0.8438523276       1.9063349681       2.7711567725
  1        1.1284613217      -0.1230467330      -0.4207670476
  1       -1.0757725777       0.3183672781      -0.6291143442
  1        2.0559118732       0.2228926608      -0.2598520346
FINAL HEAT OF FORMATION =     -1513.8645877783  time =       9.7000000000
  6       -2.0698645855       0.6225274811       5.7233617046
  6        0.2851872569       1.2319043954      -5.1733240021
  7       -0.3532687467      -1.0063457987      -2.9393030729
  1        0.7163532743       1.2705223376      -0.7328063165
  1        0.2898465206       0.0051906173       0.8752227110
  6        0.7325247768      -0.2120527007      -0.8473912816
  8       -1.4408463489      -0.0986704478       0.9277491388
  7        6.4469398104       3.1865810755      -3.7510639324
  6       -5.7861837544      -7.2714258561       4.4680638887
  7       -0.8535617564       1.9565831106       2.8128511245
  1        1.1253407941      -0.1172300528      -0.4097554629
  1       -1.0820156255       0.3127776398      -0.6366699241
  1        1.9895483843       0.1196381989      -0.3169345750
FINAL HEAT OF FORMATION =     -1513.8645912031  time =       9.8000000000
  6       -1.9446040911       0.8857152576       5.7694341873
  6        0.3370950346       1.0946577120      -5.1414071862
  7       -0.3873734311      -1.0672746633      -2.9346967318
  1        0.6912628834       1.2840484791      -0.7170601204
  1        0.2822707019       0.0143865853       0.8837098227
  6        0.6831098869      -0.2464745501      -0.8452620799
  8       -1.4125894499      -0.0955399635       0.9129517329
  7        6.4096814167       3.2161938108      -3.6965505750
  6       -5.7477319197      -7.3033921897       4.3322438801
  7       -0.8612879219       2.0053376710       2.8502449672
  1        1.1180824862      -0.1120761279      -0.3973177045
  1       -1.0861151429       0.3080355999      -0.6421440630
  1        1.9181995470       0.0163823788      -0.3741461292
FINAL HEAT OF FORMATION =     -1513.8645950802  time =       9.9000000000
  6       -1.8118928775       1.1484807150       5.8093682505
  6        0.3880929960       0.9562375372      -5.1057841191
  7       -0.4238246678      -1.1285208679      -2.9254121312
  1        0.6652714646       1.2962791891      -0.7001977953
  1        0.2744499046       0.0229388657       0.8895348176
  6        0.6328728404      -0.2811332678      -0.8421712074
  8       -1.3826109049      -0.0924038384       0.8970522440
  7        6.3608369665       3.2426096688      -3.6332559823
  6       -5.6968969293      -7.3269509020       4.1879405224
  7       -0.8669852560       2.0525005464       2.8833082322
  1        1.1067133951      -0.1075917762      -0.3834758149
  1       -1.0880861334       0.3041661498      -0.6455426080
  1        1.8420592018      -0.0866120198      -0.4313644084
FINAL HEAT OF FORMATION =     -1513.8645993397  time =      10.0000000000
  6       -1.6721397245       1.4104795341       5.8431659653
  6        0.4381277190       0.8166086474      -5.0665282831
  7       -0.4624883259      -1.1900548484      -2.9114974822
  1        0.6383917079       1.3071961982      -0.6822457039
  1        0.2664093750       0.0308128600       0.8926897446
  6        0.5818982203      -0.3160109445      -0.8381605623
  8       -1.3509579100      -0.0892708441       0.8800749889
  7        6.3007416173       3.2659012312      -3.5612101854
  6       -5.6340508259      -7.3419691686       4.0352864321
  7       -0.8706116201       2.0979731667       2.9120179716
  1        1.0912704989      -0.1037822512      -0.3682549456
  1       -1.0879483074       0.3011912524      -0.6468767364
  1        1.7613575753      -0.1890748331      -0.4884612035
