FINAL HEAT OF FORMATION =     -1513.8645993397  time =      10.0000000000
 State =            0
 Seed  =     90552588
$COORD
  6        0.0909715338      -0.2726519862      -0.0926750017
  6       -0.0952279097       0.2449605657       1.2851558921
  7        1.2269951374       0.0890831936      -0.7345751653
  1       -0.7181537963      -0.3361156691       2.0110809431
  1        1.2618695268      -0.1352273333      -1.7339416635
  6        2.0260918301       1.2258359728      -0.3417963281
  8        3.1434756289       1.3855074787      -0.8880607755
  7        1.3694736736       2.0789573238       0.5434204067
  6        0.3880660027       1.7519950959       1.2202782041
  7       -0.3834865482       2.6104633048       1.9528600482
  1       -1.3026460613       2.2845825882       2.2601686927
  1        0.2023388552       2.9234186518       2.7450199318
  1       -0.8554065730      -0.8145580955      -0.4223498268
$ENDCOORD
$VELOC
     5.5141038247   -46.7488844345    -2.3386746842
   -14.6012722651    41.9338989766   -20.2283555053
    -6.0863114204    11.4593944656    -5.1796087794
    61.7937538109   -16.9977173944    -8.1502483026
    34.3203459772   -25.0304626894     5.4322125845
     3.1586391767     5.3291431382     2.8216483718
    -0.7496281672    -0.2425821010     0.9913014216
    -4.6815213213    -5.0970461106   -11.7516998604
    18.0379670348    -7.5446680705    38.9141424948
    -2.4106837490    -4.1416882488    -1.5742158076
     4.2592643021   -20.4872124201   -14.1387873072
   -23.1871857009    42.1158728790    -6.2973180390
   -26.0475540746    77.6193618808    36.2648095414
$ENDVELOC
$COEFF
$ENDCOEFF
