FINAL HEAT OF FORMATION =     -1513.8646384330  time =       0.0000000000
$VELOC
     0.0000000000     0.0000000000     0.0000000000
     0.0000000000     0.0000000000     0.0000000000
     0.0000000000     0.0000000000     0.0000000000
     0.0000000000     0.0000000000     0.0000000000
     0.0000000000     0.0000000000     0.0000000000
     0.0000000000     0.0000000000     0.0000000000
     0.0000000000     0.0000000000     0.0000000000
     0.0000000000     0.0000000000     0.0000000000
     0.0000000000     0.0000000000     0.0000000000
     0.0000000000     0.0000000000     0.0000000000
     0.0000000000     0.0000000000     0.0000000000
     0.0000000000     0.0000000000     0.0000000000
     0.0000000000     0.0000000000     0.0000000000
$ENDVELOC
FINAL HEAT OF FORMATION =     -1513.8642872781  time =       1.0000000000
$VELOC
     3.5799464534    -3.6131183144    -3.1764420158
    -2.0485976892     4.2949243943     0.6915586480
    -0.6274301631     2.6237652634     0.0611244211
     0.3719292009   -12.8685028279     8.5929501250
     5.0817197200    -2.0574159552     6.0496858790
    -1.0172724199     0.6742790997     1.3753002544
     1.2079390310     0.0486339774    -0.6032533288
    -4.4186018864    -2.6023187633    -0.4073383830
     7.0450624228     3.1950104940     3.5849791268
    -0.7935382910    -1.6248816322    -0.8240617247
     9.2547393546     3.4379762749    -2.8522704374
    -5.5204421004     1.3459142845    -7.9548454269
   -37.5121998802   -22.8399804734    -7.5237588080
$ENDVELOC
FINAL HEAT OF FORMATION =     -1513.8644374070  time =       2.0000000000
$VELOC
     7.0931020851    -9.3368613921    -6.5432807073
    -4.3717850237    10.1482462473     0.9694139804
    -1.4295812879     5.1972333830     0.0794759248
     1.6652817440   -24.9921173902    15.9470659206
     9.5800189020    -4.0812565923     9.8743546804
    -1.8228866805     1.4139146382     2.6275280950
     2.2546013491     0.1340681969    -1.0998887074
    -8.5690998741    -5.1130206785    -0.6759926255
    13.8164809273     6.0867429804     7.2340003388
    -1.3516387341    -3.2781126771    -1.5659252621
    14.9843436495     5.4215519838    -4.7036136580
    -9.1126570762     3.0718559838   -13.3273935529
   -70.9461249847   -36.6640299317   -11.4026341947
$ENDVELOC
FINAL HEAT OF FORMATION =     -1513.8645579028  time =       3.0000000000
$VELOC
    10.0741672624   -15.7459895917    -9.7435497801
    -6.6421453247    15.8873352089     0.7340861943
    -2.3691335426     7.4270171090     0.2715856164
     4.6728102034   -35.3690947839    21.2922053668
    13.2670687961    -6.5979037411    10.1077711482
    -2.2473803042     2.1792180369     3.6550971951
     2.9942230517     0.1823368633    -1.4411850419
   -12.2622157735    -7.3182596095    -0.9710149825
    19.9338134659     8.4488553377    10.8737907135
    -1.6532088353    -4.6855427020    -2.5281289589
    14.4749378333     5.0848213735    -5.1416717188
    -9.6226555107     6.0536433549   -14.6407304666
   -96.2538917877   -37.3332077936    -9.6448744539
$ENDVELOC
FINAL HEAT OF FORMATION =     -1513.8646139047  time =       4.0000000000
$VELOC
    12.1964583624   -22.6163706629   -12.3923467312
    -8.7967029781    21.4168085165    -0.2091791845
    -3.3783903978     9.2320050603     0.5693392868
     9.7750171659   -43.1595386692    23.9450345663
    16.1926890819    -9.7325618526     6.4034338395
    -2.1972114136     2.9572506488     4.3864863798
     3.3393585558     0.1858382325    -1.5805124218
   -15.1959076541    -9.0588781781    -1.3584886761
    24.9884994856     9.9898714393    14.5361912919
    -1.6652794666    -5.7631938035    -3.6661989501
     7.3406934260     2.1013862907    -4.1484259919
    -7.0163888408    10.5767691101   -11.5679036047
  -110.8046047609   -25.5592301906    -2.8621779184
$ENDVELOC
FINAL HEAT OF FORMATION =     -1513.8646503169  time =       5.0000000000
$VELOC
    13.2100908975   -29.4814190701   -14.0498004052
   -10.7464411314    26.6046187931    -1.9738493164
    -4.3205842236    10.6002900380     0.7800090477
    16.9388946029   -47.6691838779    23.5727829207
    18.7515237392   -13.4163801304     0.0903569693
    -1.6723155975     3.7121103805     4.7843544190
     3.2654239826     0.1470943270    -1.5004620330
   -17.0177427237   -10.1818385428    -1.9574524143
    28.5229372360    10.4207605263    18.2868143580
    -1.4765129167    -6.4734018023    -4.7637005365
    -3.6451193773    -2.8802033234    -2.5443383792
    -2.8458830732    16.4706016551    -5.5994247574
  -113.9704922233    -5.2432306815     7.0569667729
$ENDVELOC
FINAL HEAT OF FORMATION =     -1513.8646862824  time =       6.0000000000
$VELOC
    13.0160275857   -35.8024554493   -14.3691568082
   -12.3903692107    31.2897301058    -4.5759866317
    -5.0612790555    11.5517056260     0.6426900023
    25.7501883440   -48.4505883528    20.2552749815
    21.4466115245   -17.3172154761    -6.1254143364
    -0.7645422819     4.3916841543     4.8465164367
     2.8088084278     0.0767569485    -1.2130552096
   -17.3822486090   -10.5650012829    -2.9327004041
    30.1076476782     9.4974217539    22.2186334484
    -1.2699926236    -6.8085745264    -5.4883664975
   -13.4905000265    -8.4964832058    -1.7142831184
     0.2638549118    23.0698790656     0.4632126733
  -106.7089472945    18.8935715421    17.9516931359
$ENDVELOC
FINAL HEAT OF FORMATION =     -1513.8646804849  time =       7.0000000000
$VELOC
    11.7126516817   -41.0729135446   -13.1916138592
   -13.6376720762    35.3022443525    -7.9271443087
    -5.5301692299    12.1075089538    -0.0566382359
    35.5174735595   -45.3759379171    14.4801410039
    24.5622258464   -20.8749115326    -9.4080077675
     0.3638243908     4.9396305141     4.6057139486
     2.0552915974    -0.0104119108    -0.7563159289
   -16.0737908533   -10.1536620225    -4.4473422464
    29.4962521298     7.0861557438    26.4064731702
    -1.2224032739    -6.7578276449    -5.5500657103
   -17.7608420956   -13.4281738987    -2.7610408963
    -0.0448145052    29.4453215719     3.9291689178
   -90.9565627751    42.5594328807    27.8573897063
$ENDVELOC
FINAL HEAT OF FORMATION =     -1513.8646243322  time =       8.0000000000
$VELOC
     9.6306661425   -44.8617188035   -10.5849147318
   -14.4281935063    38.4890156317   -11.8391708053
    -5.7570459127    12.2806451285    -1.3736025396
    45.3934277771   -38.6694849380     7.0821269163
    28.0036429073   -23.5038988536    -8.1767211611
     1.5150550080     5.3049862737     4.1269639258
     1.1233094815    -0.0996861005    -0.1885657921
   -13.1649433262    -8.9933181568    -6.5651273534
    26.8157673957     3.2321160679    30.8095602447
    -1.4186606172    -6.2974916829    -4.8379461710
   -14.9070400746   -16.9982701727    -5.8137501478
    -4.6909000661    34.8280711292     3.5099065913
   -69.5183324521    62.1052793127    35.0913785367
$ENDVELOC
FINAL HEAT OF FORMATION =     -1513.8645808426  time =       9.0000000000
$VELOC
     7.3304689205   -46.8279736667    -6.8266744434
   -14.7423768824    40.7302690251   -16.0436783746
    -5.8769253150    12.0704631796    -3.1722057915
    54.4625336211   -28.9081839405    -0.8574579652
    31.3984852665   -24.8642787487    -2.6662436345
     2.4967516508     5.4457823595     3.4996859367
     0.1453893549    -0.1794108853     0.4189940841
    -9.1130801418    -7.2346701400    -9.1360385346
    22.6720072181    -1.8017912057    35.1567756000
    -1.8429447796    -5.4154551989    -3.4391069277
    -6.4485632174   -19.2111929316   -10.0464448549
   -12.9768475611    38.9500809789    -0.4051353020
   -46.2601528355    74.4949217300    38.2378249986
$ENDVELOC
FINAL HEAT OF FORMATION =     -1513.8645993397  time =      10.0000000000
$VELOC
     5.5141038247   -46.7488844345    -2.3386746842
   -14.6012722651    41.9338989766   -20.2283555053
    -6.0863114204    11.4593944656    -5.1796087794
    61.7937538109   -16.9977173944    -8.1502483026
    34.3203459772   -25.0304626894     5.4322125845
     3.1586391767     5.3291431382     2.8216483718
    -0.7496281672    -0.2425821010     0.9913014216
    -4.6815213213    -5.0970461106   -11.7516998604
    18.0379670348    -7.5446680705    38.9141424948
    -2.4106837490    -4.1416882488    -1.5742158076
     4.2592643021   -20.4872124201   -14.1387873072
   -23.1871857009    42.1158728790    -6.2973180390
   -26.0475540746    77.6193618808    36.2648095414
$ENDVELOC
