 
 |^^^^^^^^^^^^^^^^^^^^^^^^^^^^^^^^^^^^^^^^^^^^^^^^|
 | MD execution started at    Sun Jun 27 08:18:34 EDT 2021   |
 | Computer:  Linux srv-p22-13.cbls.ccr.buffalo.e |
 |________________________________________________|
 
 rnd_seed=       19345
 !!!!!!-----MD INPUT-----!!!!!!
 
 Ground state MD,      imdtype=           0
 Initial count for out files              0
 MD using Langevin 
 Starting time, fs          0.000000000000000E+000
 Time step, fs                        0.100000000000000     
 Number of classical steps (CS)            0
 Quantum steps/per CS                    4
 Displacement for deriv. [A]     1.000000000000000E-003
 Langevin thermostat dynamics, therm_type=           1
 Temperature, K                  300.000000000000     
 Bath relaxation constant       0.400000000000000     
 Equilibrated dynamics
 Number of steps per degree K           100
 Number of steps to write data            1
 Number of steps to write coords          10
 Friction coefficient [1/ps]      20.0000000000000     
 Seed for random generator           19345
 NAESMD verbosity,            2
 MD will use analytic deriv,  ideriv=           1
 Cartesian coordinates are used
 Allocating initial naesmd_module variables
 Allocating md_module initial variables
 Allocating variables
 Allocating naesmd_module variables          13           0
 Allocating md_module variables          13
  Finish reading coordinates 
 Rescaling velocity
 
 Initial Geometry
    6         0.000000    0.000000    0.000000
    6         0.000000    0.000000    1.335000
    7         1.264397    0.000000   -0.730000
    1        -0.943102    0.000000    1.879500
    1         1.076186    0.000000   -1.742658
    6         2.029988    1.192085   -0.377291
    8         3.124483    1.385148   -0.880489
    7         1.485774    2.153128    0.577606
    6         0.174667    1.698823    1.031704
    7        -0.369547    2.659865    1.986601
    1        -1.294506    2.339362    2.306958
    1         0.265127    2.738619    2.793997
    1        -0.094775   -0.921788   -0.535000

--------------------------------------------------------------------------------
  QM CALCULATION INFO
--------------------------------------------------------------------------------

| QMMM: Citation for AMBER QMMM Run:
| QMMM: R.C. Walker, M.F. Crowley and D.A. Case, J. COMP. CHEM. 29:1019, 2008

QMMM: SINGLET STATE CALCULATION
QMMM: RHF CALCULATION, NO. OF DOUBLY OCCUPIED LEVELS = 21

| QMMM: *** Selected Hamiltonian *** 
| QMMM: AM1         

| QMMM: *** Parameter sets in use ***
| QMMM: C : M.J.S.DEWAR et al. JACS, 107, 3902, (1985)
| QMMM: N : M.J.S.DEWAR et al. JACS, 107, 3902, (1985)
| QMMM: H : M.J.S.DEWAR et al. JACS, 107, 3902, (1985)
| QMMM: O : M.J.S.DEWAR et al. JACS, 107, 3902, (1985)

| QMMM: *** SCF convergence criteria ***
| QMMM: Energy change                :  0.2D-06 kcal/mol
| QMMM: Error matrix |FP-PF|         :  0.1D+00 au
| QMMM: Density matrix change        :  0.2D-04
| QMMM: Maximum number of SCF cycles :      300
 
| QMMM: *** Diagonalization Routine Information ***
| QMMM: Pseudo diagonalizations are allowed.
| QMMM: Auto diagonalization routine selection is disabled.
| QMMM: Using internal diagonalization routine (diag_routine=1).

  QMMM: QM Region Cartesian Coordinates (*=link atom) 
  QMMM: QM_NO.   MM_NO.  ATOM         X         Y         Z
  QMMM:     1        1      C        0.0000    0.0000    0.0000
  QMMM:     2        2      C        0.0000    0.0000    1.3350
  QMMM:     3        3      N        1.2644    0.0000   -0.7300
  QMMM:     4        4      H       -0.9431    0.0000    1.8795
  QMMM:     5        5      H        1.0762    0.0000   -1.7427
  QMMM:     6        6      C        2.0300    1.1921   -0.3773
  QMMM:     7        7      O        3.1245    1.3851   -0.8805
  QMMM:     8        8      N        1.4858    2.1531    0.5776
  QMMM:     9        9      C        0.1747    1.6988    1.0317
  QMMM:    10       10      N       -0.3695    2.6599    1.9866
  QMMM:    11       11      H       -1.2945    2.3394    2.3070
  QMMM:    12       12      H        0.2651    2.7386    2.7940
  QMMM:    13       13      H       -0.0948   -0.9218   -0.5350

--------------------------------------------------------------------------------
  RESULTS
--------------------------------------------------------------------------------

QMMM: SCF Converged to 0.2306E-06 in:    19 Cycles 
QMMM:
QMMM: SCF Energy =      182.73960476 KCal/mol,       764.58250630 KJ/mol
QMMM: SCF Energy = Heat of formation
 LPRINT:           2           0
 
 |^^^^^^^^^^^^^^^^^^^^^^^^^^^^^^^^^^^^^^^^^^^^^^^^|
 | MD normal termination at   Sun Jun 27 08:18:34 EDT 2021   |
 | MD total CPU time          0.10000E-01 seconds |
 |      0 days  0 hours  0 minutes  0 seconds     |
 
  SQM (ground sim%naesmd%state) took overall [s]:
       0.654E-02
  Davidson (excited states) took overall [s]:
        0.00    
  deriv (adiabatic forces) took overall [s]:
       0.249E-02
  nacT (NA derivatives) took overall [s]:
        0.00    
 |________________________________________________|
 
